<?xml version="1.0" encoding="UTF-8"?>
<!-- Generated by org.testng.reporters.JUnitXMLReporter -->
<testsuite hostname="HPDB0271" ignored="0" tests="8" failures="0" timestamp="26 Jun 2018 08:30:12 GMT" time="0.24" errors="0">
  <testcase name="adding_use_with_same_name_again on UUID:0128db20-8300-49d1-89d0-7d8adcd604b2
{&quot;players&quot;:[],&quot;turn&quot;:0,&quot;steps&quot;:[{&quot;number&quot;:0,&quot;type&quot;:0,&quot;target&quot;:0},{&quot;number&quot;:1,&quot;type&quot;:0,&quot;target&quot;:1},{&quot;number&quot;:2,&quot;type&quot;:2,&quot;target&quot;:24},{&quot;number&quot;:3,&quot;type&quot;:0,&quot;target&quot;:3},{&quot;number&quot;:4,&quot;type&quot;:0,&quot;target&quot;:4},{&quot;number&quot;:5,&quot;type&quot;:0,&quot;target&quot;:5},{&quot;number&quot;:6,&quot;type&quot;:0,&quot;target&quot;:6},{&quot;number&quot;:7,&quot;type&quot;:0,&quot;target&quot;:7},{&quot;number&quot;:8,&quot;type&quot;:0,&quot;target&quot;:8},{&quot;number&quot;:9,&quot;type&quot;:0,&quot;target&quot;:9},{&quot;number&quot;:10,&quot;type&quot;:0,&quot;target&quot;:10},{&quot;number&quot;:11,&quot;type&quot;:2,&quot;target&quot;:33},{&quot;number&quot;:12,&quot;type&quot;:0,&quot;target&quot;:12},{&quot;number&quot;:13,&quot;type&quot;:0,&quot;target&quot;:13},{&quot;number&quot;:14,&quot;type&quot;:0,&quot;target&quot;:14},{&quot;number&quot;:15,&quot;type&quot;:0,&quot;target&quot;:15},{&quot;number&quot;:16,&quot;type&quot;:0,&quot;target&quot;:16},{&quot;number&quot;:17,&quot;type&quot;:0,&quot;target&quot;:17},{&quot;number&quot;:18,&quot;type&quot;:0,&quot;target&quot;:18},{&quot;number&quot;:19,&quot;type&quot;:0,&quot;target&quot;:19},{&quot;number&quot;:20,&quot;type&quot;:0,&quot;target&quot;:20},{&quot;number&quot;:21,&quot;type&quot;:0,&quot;target&quot;:21},{&quot;number&quot;:22,&quot;type&quot;:0,&quot;target&quot;:22},{&quot;number&quot;:23,&quot;type&quot;:1,&quot;target&quot;:7},{&quot;number&quot;:24,&quot;type&quot;:0,&quot;target&quot;:24},{&quot;number&quot;:25,&quot;type&quot;:2,&quot;target&quot;:85},{&quot;number&quot;:26,&quot;type&quot;:0,&quot;target&quot;:26},{&quot;number&quot;:27,&quot;type&quot;:0,&quot;target&quot;:27},{&quot;number&quot;:28,&quot;type&quot;:0,&quot;target&quot;:28},{&quot;number&quot;:29,&quot;type&quot;:0,&quot;target&quot;:29},{&quot;number&quot;:30,&quot;type&quot;:0,&quot;target&quot;:30},{&quot;number&quot;:31,&quot;type&quot;:0,&quot;target&quot;:31},{&quot;number&quot;:32,&quot;type&quot;:0,&quot;target&quot;:32},{&quot;number&quot;:33,&quot;type&quot;:0,&quot;target&quot;:33},{&quot;number&quot;:34,&quot;type&quot;:0,&quot;target&quot;:34},{&quot;number&quot;:35,&quot;type&quot;:0,&quot;target&quot;:35},{&quot;number&quot;:36,&quot;type&quot;:0,&quot;target&quot;:36},{&quot;number&quot;:37,&quot;type&quot;:2,&quot;target&quot;:61},{&quot;number&quot;:38,&quot;type&quot;:0,&quot;target&quot;:38},{&quot;number&quot;:39,&quot;type&quot;:0,&quot;target&quot;:39},{&quot;number&quot;:40,&quot;type&quot;:0,&quot;target&quot;:40},{&quot;number&quot;:41,&quot;type&quot;:0,&quot;target&quot;:41},{&quot;number&quot;:42,&quot;type&quot;:0,&quot;target&quot;:42},{&quot;number&quot;:43,&quot;type&quot;:0,&quot;target&quot;:43},{&quot;number&quot;:44,&quot;type&quot;:0,&quot;target&quot;:44},{&quot;number&quot;:45,&quot;type&quot;:0,&quot;target&quot;:45},{&quot;number&quot;:46,&quot;type&quot;:0,&quot;target&quot;:46},{&quot;number&quot;:47,&quot;type&quot;:0,&quot;target&quot;:47},{&quot;number&quot;:48,&quot;type&quot;:0,&quot;target&quot;:48},{&quot;number&quot;:49,&quot;type&quot;:0,&quot;target&quot;:49},{&quot;number&quot;:50,&quot;type&quot;:0,&quot;target&quot;:50},{&quot;number&quot;:51,&quot;type&quot;:0,&quot;target&quot;:51},{&quot;number&quot;:52,&quot;type&quot;:0,&quot;target&quot;:52},{&quot;number&quot;:53,&quot;type&quot;:0,&quot;target&quot;:53},{&quot;number&quot;:54,&quot;type&quot;:0,&quot;target&quot;:54},{&quot;number&quot;:55,&quot;type&quot;:1,&quot;target&quot;:13},{&quot;number&quot;:56,&quot;type&quot;:0,&quot;target&quot;:56},{&quot;number&quot;:57,&quot;type&quot;:0,&quot;target&quot;:57},{&quot;number&quot;:58,&quot;type&quot;:0,&quot;target&quot;:58},{&quot;number&quot;:59,&quot;type&quot;:0,&quot;target&quot;:59},{&quot;number&quot;:60,&quot;type&quot;:0,&quot;target&quot;:60},{&quot;number&quot;:61,&quot;type&quot;:0,&quot;target&quot;:61},{&quot;number&quot;:62,&quot;type&quot;:0,&quot;target&quot;:62},{&quot;number&quot;:63,&quot;type&quot;:0,&quot;target&quot;:63},{&quot;number&quot;:64,&quot;type&quot;:0,&quot;target&quot;:64},{&quot;number&quot;:65,&quot;type&quot;:0,&quot;target&quot;:65},{&quot;number&quot;:66,&quot;type&quot;:0,&quot;target&quot;:66},{&quot;number&quot;:67,&quot;type&quot;:0,&quot;target&quot;:67},{&quot;number&quot;:68,&quot;type&quot;:2,&quot;target&quot;:90},{&quot;number&quot;:69,&quot;type&quot;:0,&quot;target&quot;:69},{&quot;number&quot;:70,&quot;type&quot;:1,&quot;target&quot;:32},{&quot;number&quot;:71,&quot;type&quot;:0,&quot;target&quot;:71},{&quot;number&quot;:72,&quot;type&quot;:0,&quot;target&quot;:72},{&quot;number&quot;:73,&quot;type&quot;:0,&quot;target&quot;:73},{&quot;number&quot;:74,&quot;type&quot;:0,&quot;target&quot;:74},{&quot;number&quot;:75,&quot;type&quot;:0,&quot;target&quot;:75},{&quot;number&quot;:76,&quot;type&quot;:0,&quot;target&quot;:76},{&quot;number&quot;:77,&quot;type&quot;:0,&quot;target&quot;:77},{&quot;number&quot;:78,&quot;type&quot;:0,&quot;target&quot;:78},{&quot;number&quot;:79,&quot;type&quot;:2,&quot;target&quot;:97},{&quot;number&quot;:80,&quot;type&quot;:0,&quot;target&quot;:80},{&quot;number&quot;:81,&quot;type&quot;:0,&quot;target&quot;:81},{&quot;number&quot;:82,&quot;type&quot;:0,&quot;target&quot;:82},{&quot;number&quot;:83,&quot;type&quot;:0,&quot;target&quot;:83},{&quot;number&quot;:84,&quot;type&quot;:0,&quot;target&quot;:84},{&quot;number&quot;:85,&quot;type&quot;:0,&quot;target&quot;:85},{&quot;number&quot;:86,&quot;type&quot;:0,&quot;target&quot;:86},{&quot;number&quot;:87,&quot;type&quot;:0,&quot;target&quot;:87},{&quot;number&quot;:88,&quot;type&quot;:0,&quot;target&quot;:88},{&quot;number&quot;:89,&quot;type&quot;:0,&quot;target&quot;:89},{&quot;number&quot;:90,&quot;type&quot;:0,&quot;target&quot;:90},{&quot;number&quot;:91,&quot;type&quot;:0,&quot;target&quot;:91},{&quot;number&quot;:92,&quot;type&quot;:0,&quot;target&quot;:92},{&quot;number&quot;:93,&quot;type&quot;:1,&quot;target&quot;:67},{&quot;number&quot;:94,&quot;type&quot;:0,&quot;target&quot;:94},{&quot;number&quot;:95,&quot;type&quot;:0,&quot;target&quot;:95},{&quot;number&quot;:96,&quot;type&quot;:0,&quot;target&quot;:96},{&quot;number&quot;:97,&quot;type&quot;:0,&quot;target&quot;:97},{&quot;number&quot;:98,&quot;type&quot;:0,&quot;target&quot;:98},{&quot;number&quot;:99,&quot;type&quot;:1,&quot;target&quot;:3},{&quot;number&quot;:100,&quot;type&quot;:0,&quot;target&quot;:100}]}" time="0.02" classname="NewTest"/>
  <testcase name="delete_user_without_registering on UUID:0128db20-8300-49d1-89d0-7d8adcd604b2
{&quot;players&quot;:[],&quot;turn&quot;:0,&quot;steps&quot;:[{&quot;number&quot;:0,&quot;type&quot;:0,&quot;target&quot;:0},{&quot;number&quot;:1,&quot;type&quot;:0,&quot;target&quot;:1},{&quot;number&quot;:2,&quot;type&quot;:2,&quot;target&quot;:24},{&quot;number&quot;:3,&quot;type&quot;:0,&quot;target&quot;:3},{&quot;number&quot;:4,&quot;type&quot;:0,&quot;target&quot;:4},{&quot;number&quot;:5,&quot;type&quot;:0,&quot;target&quot;:5},{&quot;number&quot;:6,&quot;type&quot;:0,&quot;target&quot;:6},{&quot;number&quot;:7,&quot;type&quot;:0,&quot;target&quot;:7},{&quot;number&quot;:8,&quot;type&quot;:0,&quot;target&quot;:8},{&quot;number&quot;:9,&quot;type&quot;:0,&quot;target&quot;:9},{&quot;number&quot;:10,&quot;type&quot;:0,&quot;target&quot;:10},{&quot;number&quot;:11,&quot;type&quot;:2,&quot;target&quot;:33},{&quot;number&quot;:12,&quot;type&quot;:0,&quot;target&quot;:12},{&quot;number&quot;:13,&quot;type&quot;:0,&quot;target&quot;:13},{&quot;number&quot;:14,&quot;type&quot;:0,&quot;target&quot;:14},{&quot;number&quot;:15,&quot;type&quot;:0,&quot;target&quot;:15},{&quot;number&quot;:16,&quot;type&quot;:0,&quot;target&quot;:16},{&quot;number&quot;:17,&quot;type&quot;:0,&quot;target&quot;:17},{&quot;number&quot;:18,&quot;type&quot;:0,&quot;target&quot;:18},{&quot;number&quot;:19,&quot;type&quot;:0,&quot;target&quot;:19},{&quot;number&quot;:20,&quot;type&quot;:0,&quot;target&quot;:20},{&quot;number&quot;:21,&quot;type&quot;:0,&quot;target&quot;:21},{&quot;number&quot;:22,&quot;type&quot;:0,&quot;target&quot;:22},{&quot;number&quot;:23,&quot;type&quot;:1,&quot;target&quot;:7},{&quot;number&quot;:24,&quot;type&quot;:0,&quot;target&quot;:24},{&quot;number&quot;:25,&quot;type&quot;:2,&quot;target&quot;:85},{&quot;number&quot;:26,&quot;type&quot;:0,&quot;target&quot;:26},{&quot;number&quot;:27,&quot;type&quot;:0,&quot;target&quot;:27},{&quot;number&quot;:28,&quot;type&quot;:0,&quot;target&quot;:28},{&quot;number&quot;:29,&quot;type&quot;:0,&quot;target&quot;:29},{&quot;number&quot;:30,&quot;type&quot;:0,&quot;target&quot;:30},{&quot;number&quot;:31,&quot;type&quot;:0,&quot;target&quot;:31},{&quot;number&quot;:32,&quot;type&quot;:0,&quot;target&quot;:32},{&quot;number&quot;:33,&quot;type&quot;:0,&quot;target&quot;:33},{&quot;number&quot;:34,&quot;type&quot;:0,&quot;target&quot;:34},{&quot;number&quot;:35,&quot;type&quot;:0,&quot;target&quot;:35},{&quot;number&quot;:36,&quot;type&quot;:0,&quot;target&quot;:36},{&quot;number&quot;:37,&quot;type&quot;:2,&quot;target&quot;:61},{&quot;number&quot;:38,&quot;type&quot;:0,&quot;target&quot;:38},{&quot;number&quot;:39,&quot;type&quot;:0,&quot;target&quot;:39},{&quot;number&quot;:40,&quot;type&quot;:0,&quot;target&quot;:40},{&quot;number&quot;:41,&quot;type&quot;:0,&quot;target&quot;:41},{&quot;number&quot;:42,&quot;type&quot;:0,&quot;target&quot;:42},{&quot;number&quot;:43,&quot;type&quot;:0,&quot;target&quot;:43},{&quot;number&quot;:44,&quot;type&quot;:0,&quot;target&quot;:44},{&quot;number&quot;:45,&quot;type&quot;:0,&quot;target&quot;:45},{&quot;number&quot;:46,&quot;type&quot;:0,&quot;target&quot;:46},{&quot;number&quot;:47,&quot;type&quot;:0,&quot;target&quot;:47},{&quot;number&quot;:48,&quot;type&quot;:0,&quot;target&quot;:48},{&quot;number&quot;:49,&quot;type&quot;:0,&quot;target&quot;:49},{&quot;number&quot;:50,&quot;type&quot;:0,&quot;target&quot;:50},{&quot;number&quot;:51,&quot;type&quot;:0,&quot;target&quot;:51},{&quot;number&quot;:52,&quot;type&quot;:0,&quot;target&quot;:52},{&quot;number&quot;:53,&quot;type&quot;:0,&quot;target&quot;:53},{&quot;number&quot;:54,&quot;type&quot;:0,&quot;target&quot;:54},{&quot;number&quot;:55,&quot;type&quot;:1,&quot;target&quot;:13},{&quot;number&quot;:56,&quot;type&quot;:0,&quot;target&quot;:56},{&quot;number&quot;:57,&quot;type&quot;:0,&quot;target&quot;:57},{&quot;number&quot;:58,&quot;type&quot;:0,&quot;target&quot;:58},{&quot;number&quot;:59,&quot;type&quot;:0,&quot;target&quot;:59},{&quot;number&quot;:60,&quot;type&quot;:0,&quot;target&quot;:60},{&quot;number&quot;:61,&quot;type&quot;:0,&quot;target&quot;:61},{&quot;number&quot;:62,&quot;type&quot;:0,&quot;target&quot;:62},{&quot;number&quot;:63,&quot;type&quot;:0,&quot;target&quot;:63},{&quot;number&quot;:64,&quot;type&quot;:0,&quot;target&quot;:64},{&quot;number&quot;:65,&quot;type&quot;:0,&quot;target&quot;:65},{&quot;number&quot;:66,&quot;type&quot;:0,&quot;target&quot;:66},{&quot;number&quot;:67,&quot;type&quot;:0,&quot;target&quot;:67},{&quot;number&quot;:68,&quot;type&quot;:2,&quot;target&quot;:90},{&quot;number&quot;:69,&quot;type&quot;:0,&quot;target&quot;:69},{&quot;number&quot;:70,&quot;type&quot;:1,&quot;target&quot;:32},{&quot;number&quot;:71,&quot;type&quot;:0,&quot;target&quot;:71},{&quot;number&quot;:72,&quot;type&quot;:0,&quot;target&quot;:72},{&quot;number&quot;:73,&quot;type&quot;:0,&quot;target&quot;:73},{&quot;number&quot;:74,&quot;type&quot;:0,&quot;target&quot;:74},{&quot;number&quot;:75,&quot;type&quot;:0,&quot;target&quot;:75},{&quot;number&quot;:76,&quot;type&quot;:0,&quot;target&quot;:76},{&quot;number&quot;:77,&quot;type&quot;:0,&quot;target&quot;:77},{&quot;number&quot;:78,&quot;type&quot;:0,&quot;target&quot;:78},{&quot;number&quot;:79,&quot;type&quot;:2,&quot;target&quot;:97},{&quot;number&quot;:80,&quot;type&quot;:0,&quot;target&quot;:80},{&quot;number&quot;:81,&quot;type&quot;:0,&quot;target&quot;:81},{&quot;number&quot;:82,&quot;type&quot;:0,&quot;target&quot;:82},{&quot;number&quot;:83,&quot;type&quot;:0,&quot;target&quot;:83},{&quot;number&quot;:84,&quot;type&quot;:0,&quot;target&quot;:84},{&quot;number&quot;:85,&quot;type&quot;:0,&quot;target&quot;:85},{&quot;number&quot;:86,&quot;type&quot;:0,&quot;target&quot;:86},{&quot;number&quot;:87,&quot;type&quot;:0,&quot;target&quot;:87},{&quot;number&quot;:88,&quot;type&quot;:0,&quot;target&quot;:88},{&quot;number&quot;:89,&quot;type&quot;:0,&quot;target&quot;:89},{&quot;number&quot;:90,&quot;type&quot;:0,&quot;target&quot;:90},{&quot;number&quot;:91,&quot;type&quot;:0,&quot;target&quot;:91},{&quot;number&quot;:92,&quot;type&quot;:0,&quot;target&quot;:92},{&quot;number&quot;:93,&quot;type&quot;:1,&quot;target&quot;:67},{&quot;number&quot;:94,&quot;type&quot;:0,&quot;target&quot;:94},{&quot;number&quot;:95,&quot;type&quot;:0,&quot;target&quot;:95},{&quot;number&quot;:96,&quot;type&quot;:0,&quot;target&quot;:96},{&quot;number&quot;:97,&quot;type&quot;:0,&quot;target&quot;:97},{&quot;number&quot;:98,&quot;type&quot;:0,&quot;target&quot;:98},{&quot;number&quot;:99,&quot;type&quot;:1,&quot;target&quot;:3},{&quot;number&quot;:100,&quot;type&quot;:0,&quot;target&quot;:100}]}" time="0.0" classname="NewTest"/>
  <testcase name="game_is_working_or_not on UUID:0128db20-8300-49d1-89d0-7d8adcd604b2
{&quot;players&quot;:[],&quot;turn&quot;:0,&quot;steps&quot;:[{&quot;number&quot;:0,&quot;type&quot;:0,&quot;target&quot;:0},{&quot;number&quot;:1,&quot;type&quot;:0,&quot;target&quot;:1},{&quot;number&quot;:2,&quot;type&quot;:2,&quot;target&quot;:24},{&quot;number&quot;:3,&quot;type&quot;:0,&quot;target&quot;:3},{&quot;number&quot;:4,&quot;type&quot;:0,&quot;target&quot;:4},{&quot;number&quot;:5,&quot;type&quot;:0,&quot;target&quot;:5},{&quot;number&quot;:6,&quot;type&quot;:0,&quot;target&quot;:6},{&quot;number&quot;:7,&quot;type&quot;:0,&quot;target&quot;:7},{&quot;number&quot;:8,&quot;type&quot;:0,&quot;target&quot;:8},{&quot;number&quot;:9,&quot;type&quot;:0,&quot;target&quot;:9},{&quot;number&quot;:10,&quot;type&quot;:0,&quot;target&quot;:10},{&quot;number&quot;:11,&quot;type&quot;:2,&quot;target&quot;:33},{&quot;number&quot;:12,&quot;type&quot;:0,&quot;target&quot;:12},{&quot;number&quot;:13,&quot;type&quot;:0,&quot;target&quot;:13},{&quot;number&quot;:14,&quot;type&quot;:0,&quot;target&quot;:14},{&quot;number&quot;:15,&quot;type&quot;:0,&quot;target&quot;:15},{&quot;number&quot;:16,&quot;type&quot;:0,&quot;target&quot;:16},{&quot;number&quot;:17,&quot;type&quot;:0,&quot;target&quot;:17},{&quot;number&quot;:18,&quot;type&quot;:0,&quot;target&quot;:18},{&quot;number&quot;:19,&quot;type&quot;:0,&quot;target&quot;:19},{&quot;number&quot;:20,&quot;type&quot;:0,&quot;target&quot;:20},{&quot;number&quot;:21,&quot;type&quot;:0,&quot;target&quot;:21},{&quot;number&quot;:22,&quot;type&quot;:0,&quot;target&quot;:22},{&quot;number&quot;:23,&quot;type&quot;:1,&quot;target&quot;:7},{&quot;number&quot;:24,&quot;type&quot;:0,&quot;target&quot;:24},{&quot;number&quot;:25,&quot;type&quot;:2,&quot;target&quot;:85},{&quot;number&quot;:26,&quot;type&quot;:0,&quot;target&quot;:26},{&quot;number&quot;:27,&quot;type&quot;:0,&quot;target&quot;:27},{&quot;number&quot;:28,&quot;type&quot;:0,&quot;target&quot;:28},{&quot;number&quot;:29,&quot;type&quot;:0,&quot;target&quot;:29},{&quot;number&quot;:30,&quot;type&quot;:0,&quot;target&quot;:30},{&quot;number&quot;:31,&quot;type&quot;:0,&quot;target&quot;:31},{&quot;number&quot;:32,&quot;type&quot;:0,&quot;target&quot;:32},{&quot;number&quot;:33,&quot;type&quot;:0,&quot;target&quot;:33},{&quot;number&quot;:34,&quot;type&quot;:0,&quot;target&quot;:34},{&quot;number&quot;:35,&quot;type&quot;:0,&quot;target&quot;:35},{&quot;number&quot;:36,&quot;type&quot;:0,&quot;target&quot;:36},{&quot;number&quot;:37,&quot;type&quot;:2,&quot;target&quot;:61},{&quot;number&quot;:38,&quot;type&quot;:0,&quot;target&quot;:38},{&quot;number&quot;:39,&quot;type&quot;:0,&quot;target&quot;:39},{&quot;number&quot;:40,&quot;type&quot;:0,&quot;target&quot;:40},{&quot;number&quot;:41,&quot;type&quot;:0,&quot;target&quot;:41},{&quot;number&quot;:42,&quot;type&quot;:0,&quot;target&quot;:42},{&quot;number&quot;:43,&quot;type&quot;:0,&quot;target&quot;:43},{&quot;number&quot;:44,&quot;type&quot;:0,&quot;target&quot;:44},{&quot;number&quot;:45,&quot;type&quot;:0,&quot;target&quot;:45},{&quot;number&quot;:46,&quot;type&quot;:0,&quot;target&quot;:46},{&quot;number&quot;:47,&quot;type&quot;:0,&quot;target&quot;:47},{&quot;number&quot;:48,&quot;type&quot;:0,&quot;target&quot;:48},{&quot;number&quot;:49,&quot;type&quot;:0,&quot;target&quot;:49},{&quot;number&quot;:50,&quot;type&quot;:0,&quot;target&quot;:50},{&quot;number&quot;:51,&quot;type&quot;:0,&quot;target&quot;:51},{&quot;number&quot;:52,&quot;type&quot;:0,&quot;target&quot;:52},{&quot;number&quot;:53,&quot;type&quot;:0,&quot;target&quot;:53},{&quot;number&quot;:54,&quot;type&quot;:0,&quot;target&quot;:54},{&quot;number&quot;:55,&quot;type&quot;:1,&quot;target&quot;:13},{&quot;number&quot;:56,&quot;type&quot;:0,&quot;target&quot;:56},{&quot;number&quot;:57,&quot;type&quot;:0,&quot;target&quot;:57},{&quot;number&quot;:58,&quot;type&quot;:0,&quot;target&quot;:58},{&quot;number&quot;:59,&quot;type&quot;:0,&quot;target&quot;:59},{&quot;number&quot;:60,&quot;type&quot;:0,&quot;target&quot;:60},{&quot;number&quot;:61,&quot;type&quot;:0,&quot;target&quot;:61},{&quot;number&quot;:62,&quot;type&quot;:0,&quot;target&quot;:62},{&quot;number&quot;:63,&quot;type&quot;:0,&quot;target&quot;:63},{&quot;number&quot;:64,&quot;type&quot;:0,&quot;target&quot;:64},{&quot;number&quot;:65,&quot;type&quot;:0,&quot;target&quot;:65},{&quot;number&quot;:66,&quot;type&quot;:0,&quot;target&quot;:66},{&quot;number&quot;:67,&quot;type&quot;:0,&quot;target&quot;:67},{&quot;number&quot;:68,&quot;type&quot;:2,&quot;target&quot;:90},{&quot;number&quot;:69,&quot;type&quot;:0,&quot;target&quot;:69},{&quot;number&quot;:70,&quot;type&quot;:1,&quot;target&quot;:32},{&quot;number&quot;:71,&quot;type&quot;:0,&quot;target&quot;:71},{&quot;number&quot;:72,&quot;type&quot;:0,&quot;target&quot;:72},{&quot;number&quot;:73,&quot;type&quot;:0,&quot;target&quot;:73},{&quot;number&quot;:74,&quot;type&quot;:0,&quot;target&quot;:74},{&quot;number&quot;:75,&quot;type&quot;:0,&quot;target&quot;:75},{&quot;number&quot;:76,&quot;type&quot;:0,&quot;target&quot;:76},{&quot;number&quot;:77,&quot;type&quot;:0,&quot;target&quot;:77},{&quot;number&quot;:78,&quot;type&quot;:0,&quot;target&quot;:78},{&quot;number&quot;:79,&quot;type&quot;:2,&quot;target&quot;:97},{&quot;number&quot;:80,&quot;type&quot;:0,&quot;target&quot;:80},{&quot;number&quot;:81,&quot;type&quot;:0,&quot;target&quot;:81},{&quot;number&quot;:82,&quot;type&quot;:0,&quot;target&quot;:82},{&quot;number&quot;:83,&quot;type&quot;:0,&quot;target&quot;:83},{&quot;number&quot;:84,&quot;type&quot;:0,&quot;target&quot;:84},{&quot;number&quot;:85,&quot;type&quot;:0,&quot;target&quot;:85},{&quot;number&quot;:86,&quot;type&quot;:0,&quot;target&quot;:86},{&quot;number&quot;:87,&quot;type&quot;:0,&quot;target&quot;:87},{&quot;number&quot;:88,&quot;type&quot;:0,&quot;target&quot;:88},{&quot;number&quot;:89,&quot;type&quot;:0,&quot;target&quot;:89},{&quot;number&quot;:90,&quot;type&quot;:0,&quot;target&quot;:90},{&quot;number&quot;:91,&quot;type&quot;:0,&quot;target&quot;:91},{&quot;number&quot;:92,&quot;type&quot;:0,&quot;target&quot;:92},{&quot;number&quot;:93,&quot;type&quot;:1,&quot;target&quot;:67},{&quot;number&quot;:94,&quot;type&quot;:0,&quot;target&quot;:94},{&quot;number&quot;:95,&quot;type&quot;:0,&quot;target&quot;:95},{&quot;number&quot;:96,&quot;type&quot;:0,&quot;target&quot;:96},{&quot;number&quot;:97,&quot;type&quot;:0,&quot;target&quot;:97},{&quot;number&quot;:98,&quot;type&quot;:0,&quot;target&quot;:98},{&quot;number&quot;:99,&quot;type&quot;:1,&quot;target&quot;:3},{&quot;number&quot;:100,&quot;type&quot;:0,&quot;target&quot;:100}]}" time="0.03" classname="NewTest"/>
  <testcase name="not_able_to_add_more_than_four_users on UUID:0128db20-8300-49d1-89d0-7d8adcd604b2
{&quot;players&quot;:[],&quot;turn&quot;:0,&quot;steps&quot;:[{&quot;number&quot;:0,&quot;type&quot;:0,&quot;target&quot;:0},{&quot;number&quot;:1,&quot;type&quot;:0,&quot;target&quot;:1},{&quot;number&quot;:2,&quot;type&quot;:2,&quot;target&quot;:24},{&quot;number&quot;:3,&quot;type&quot;:0,&quot;target&quot;:3},{&quot;number&quot;:4,&quot;type&quot;:0,&quot;target&quot;:4},{&quot;number&quot;:5,&quot;type&quot;:0,&quot;target&quot;:5},{&quot;number&quot;:6,&quot;type&quot;:0,&quot;target&quot;:6},{&quot;number&quot;:7,&quot;type&quot;:0,&quot;target&quot;:7},{&quot;number&quot;:8,&quot;type&quot;:0,&quot;target&quot;:8},{&quot;number&quot;:9,&quot;type&quot;:0,&quot;target&quot;:9},{&quot;number&quot;:10,&quot;type&quot;:0,&quot;target&quot;:10},{&quot;number&quot;:11,&quot;type&quot;:2,&quot;target&quot;:33},{&quot;number&quot;:12,&quot;type&quot;:0,&quot;target&quot;:12},{&quot;number&quot;:13,&quot;type&quot;:0,&quot;target&quot;:13},{&quot;number&quot;:14,&quot;type&quot;:0,&quot;target&quot;:14},{&quot;number&quot;:15,&quot;type&quot;:0,&quot;target&quot;:15},{&quot;number&quot;:16,&quot;type&quot;:0,&quot;target&quot;:16},{&quot;number&quot;:17,&quot;type&quot;:0,&quot;target&quot;:17},{&quot;number&quot;:18,&quot;type&quot;:0,&quot;target&quot;:18},{&quot;number&quot;:19,&quot;type&quot;:0,&quot;target&quot;:19},{&quot;number&quot;:20,&quot;type&quot;:0,&quot;target&quot;:20},{&quot;number&quot;:21,&quot;type&quot;:0,&quot;target&quot;:21},{&quot;number&quot;:22,&quot;type&quot;:0,&quot;target&quot;:22},{&quot;number&quot;:23,&quot;type&quot;:1,&quot;target&quot;:7},{&quot;number&quot;:24,&quot;type&quot;:0,&quot;target&quot;:24},{&quot;number&quot;:25,&quot;type&quot;:2,&quot;target&quot;:85},{&quot;number&quot;:26,&quot;type&quot;:0,&quot;target&quot;:26},{&quot;number&quot;:27,&quot;type&quot;:0,&quot;target&quot;:27},{&quot;number&quot;:28,&quot;type&quot;:0,&quot;target&quot;:28},{&quot;number&quot;:29,&quot;type&quot;:0,&quot;target&quot;:29},{&quot;number&quot;:30,&quot;type&quot;:0,&quot;target&quot;:30},{&quot;number&quot;:31,&quot;type&quot;:0,&quot;target&quot;:31},{&quot;number&quot;:32,&quot;type&quot;:0,&quot;target&quot;:32},{&quot;number&quot;:33,&quot;type&quot;:0,&quot;target&quot;:33},{&quot;number&quot;:34,&quot;type&quot;:0,&quot;target&quot;:34},{&quot;number&quot;:35,&quot;type&quot;:0,&quot;target&quot;:35},{&quot;number&quot;:36,&quot;type&quot;:0,&quot;target&quot;:36},{&quot;number&quot;:37,&quot;type&quot;:2,&quot;target&quot;:61},{&quot;number&quot;:38,&quot;type&quot;:0,&quot;target&quot;:38},{&quot;number&quot;:39,&quot;type&quot;:0,&quot;target&quot;:39},{&quot;number&quot;:40,&quot;type&quot;:0,&quot;target&quot;:40},{&quot;number&quot;:41,&quot;type&quot;:0,&quot;target&quot;:41},{&quot;number&quot;:42,&quot;type&quot;:0,&quot;target&quot;:42},{&quot;number&quot;:43,&quot;type&quot;:0,&quot;target&quot;:43},{&quot;number&quot;:44,&quot;type&quot;:0,&quot;target&quot;:44},{&quot;number&quot;:45,&quot;type&quot;:0,&quot;target&quot;:45},{&quot;number&quot;:46,&quot;type&quot;:0,&quot;target&quot;:46},{&quot;number&quot;:47,&quot;type&quot;:0,&quot;target&quot;:47},{&quot;number&quot;:48,&quot;type&quot;:0,&quot;target&quot;:48},{&quot;number&quot;:49,&quot;type&quot;:0,&quot;target&quot;:49},{&quot;number&quot;:50,&quot;type&quot;:0,&quot;target&quot;:50},{&quot;number&quot;:51,&quot;type&quot;:0,&quot;target&quot;:51},{&quot;number&quot;:52,&quot;type&quot;:0,&quot;target&quot;:52},{&quot;number&quot;:53,&quot;type&quot;:0,&quot;target&quot;:53},{&quot;number&quot;:54,&quot;type&quot;:0,&quot;target&quot;:54},{&quot;number&quot;:55,&quot;type&quot;:1,&quot;target&quot;:13},{&quot;number&quot;:56,&quot;type&quot;:0,&quot;target&quot;:56},{&quot;number&quot;:57,&quot;type&quot;:0,&quot;target&quot;:57},{&quot;number&quot;:58,&quot;type&quot;:0,&quot;target&quot;:58},{&quot;number&quot;:59,&quot;type&quot;:0,&quot;target&quot;:59},{&quot;number&quot;:60,&quot;type&quot;:0,&quot;target&quot;:60},{&quot;number&quot;:61,&quot;type&quot;:0,&quot;target&quot;:61},{&quot;number&quot;:62,&quot;type&quot;:0,&quot;target&quot;:62},{&quot;number&quot;:63,&quot;type&quot;:0,&quot;target&quot;:63},{&quot;number&quot;:64,&quot;type&quot;:0,&quot;target&quot;:64},{&quot;number&quot;:65,&quot;type&quot;:0,&quot;target&quot;:65},{&quot;number&quot;:66,&quot;type&quot;:0,&quot;target&quot;:66},{&quot;number&quot;:67,&quot;type&quot;:0,&quot;target&quot;:67},{&quot;number&quot;:68,&quot;type&quot;:2,&quot;target&quot;:90},{&quot;number&quot;:69,&quot;type&quot;:0,&quot;target&quot;:69},{&quot;number&quot;:70,&quot;type&quot;:1,&quot;target&quot;:32},{&quot;number&quot;:71,&quot;type&quot;:0,&quot;target&quot;:71},{&quot;number&quot;:72,&quot;type&quot;:0,&quot;target&quot;:72},{&quot;number&quot;:73,&quot;type&quot;:0,&quot;target&quot;:73},{&quot;number&quot;:74,&quot;type&quot;:0,&quot;target&quot;:74},{&quot;number&quot;:75,&quot;type&quot;:0,&quot;target&quot;:75},{&quot;number&quot;:76,&quot;type&quot;:0,&quot;target&quot;:76},{&quot;number&quot;:77,&quot;type&quot;:0,&quot;target&quot;:77},{&quot;number&quot;:78,&quot;type&quot;:0,&quot;target&quot;:78},{&quot;number&quot;:79,&quot;type&quot;:2,&quot;target&quot;:97},{&quot;number&quot;:80,&quot;type&quot;:0,&quot;target&quot;:80},{&quot;number&quot;:81,&quot;type&quot;:0,&quot;target&quot;:81},{&quot;number&quot;:82,&quot;type&quot;:0,&quot;target&quot;:82},{&quot;number&quot;:83,&quot;type&quot;:0,&quot;target&quot;:83},{&quot;number&quot;:84,&quot;type&quot;:0,&quot;target&quot;:84},{&quot;number&quot;:85,&quot;type&quot;:0,&quot;target&quot;:85},{&quot;number&quot;:86,&quot;type&quot;:0,&quot;target&quot;:86},{&quot;number&quot;:87,&quot;type&quot;:0,&quot;target&quot;:87},{&quot;number&quot;:88,&quot;type&quot;:0,&quot;target&quot;:88},{&quot;number&quot;:89,&quot;type&quot;:0,&quot;target&quot;:89},{&quot;number&quot;:90,&quot;type&quot;:0,&quot;target&quot;:90},{&quot;number&quot;:91,&quot;type&quot;:0,&quot;target&quot;:91},{&quot;number&quot;:92,&quot;type&quot;:0,&quot;target&quot;:92},{&quot;number&quot;:93,&quot;type&quot;:1,&quot;target&quot;:67},{&quot;number&quot;:94,&quot;type&quot;:0,&quot;target&quot;:94},{&quot;number&quot;:95,&quot;type&quot;:0,&quot;target&quot;:95},{&quot;number&quot;:96,&quot;type&quot;:0,&quot;target&quot;:96},{&quot;number&quot;:97,&quot;type&quot;:0,&quot;target&quot;:97},{&quot;number&quot;:98,&quot;type&quot;:0,&quot;target&quot;:98},{&quot;number&quot;:99,&quot;type&quot;:1,&quot;target&quot;:3},{&quot;number&quot;:100,&quot;type&quot;:0,&quot;target&quot;:100}]}" time="0.01" classname="NewTest"/>
  <testcase name="registeration_of_a_user on UUID:0128db20-8300-49d1-89d0-7d8adcd604b2
{&quot;players&quot;:[],&quot;turn&quot;:0,&quot;steps&quot;:[{&quot;number&quot;:0,&quot;type&quot;:0,&quot;target&quot;:0},{&quot;number&quot;:1,&quot;type&quot;:0,&quot;target&quot;:1},{&quot;number&quot;:2,&quot;type&quot;:2,&quot;target&quot;:24},{&quot;number&quot;:3,&quot;type&quot;:0,&quot;target&quot;:3},{&quot;number&quot;:4,&quot;type&quot;:0,&quot;target&quot;:4},{&quot;number&quot;:5,&quot;type&quot;:0,&quot;target&quot;:5},{&quot;number&quot;:6,&quot;type&quot;:0,&quot;target&quot;:6},{&quot;number&quot;:7,&quot;type&quot;:0,&quot;target&quot;:7},{&quot;number&quot;:8,&quot;type&quot;:0,&quot;target&quot;:8},{&quot;number&quot;:9,&quot;type&quot;:0,&quot;target&quot;:9},{&quot;number&quot;:10,&quot;type&quot;:0,&quot;target&quot;:10},{&quot;number&quot;:11,&quot;type&quot;:2,&quot;target&quot;:33},{&quot;number&quot;:12,&quot;type&quot;:0,&quot;target&quot;:12},{&quot;number&quot;:13,&quot;type&quot;:0,&quot;target&quot;:13},{&quot;number&quot;:14,&quot;type&quot;:0,&quot;target&quot;:14},{&quot;number&quot;:15,&quot;type&quot;:0,&quot;target&quot;:15},{&quot;number&quot;:16,&quot;type&quot;:0,&quot;target&quot;:16},{&quot;number&quot;:17,&quot;type&quot;:0,&quot;target&quot;:17},{&quot;number&quot;:18,&quot;type&quot;:0,&quot;target&quot;:18},{&quot;number&quot;:19,&quot;type&quot;:0,&quot;target&quot;:19},{&quot;number&quot;:20,&quot;type&quot;:0,&quot;target&quot;:20},{&quot;number&quot;:21,&quot;type&quot;:0,&quot;target&quot;:21},{&quot;number&quot;:22,&quot;type&quot;:0,&quot;target&quot;:22},{&quot;number&quot;:23,&quot;type&quot;:1,&quot;target&quot;:7},{&quot;number&quot;:24,&quot;type&quot;:0,&quot;target&quot;:24},{&quot;number&quot;:25,&quot;type&quot;:2,&quot;target&quot;:85},{&quot;number&quot;:26,&quot;type&quot;:0,&quot;target&quot;:26},{&quot;number&quot;:27,&quot;type&quot;:0,&quot;target&quot;:27},{&quot;number&quot;:28,&quot;type&quot;:0,&quot;target&quot;:28},{&quot;number&quot;:29,&quot;type&quot;:0,&quot;target&quot;:29},{&quot;number&quot;:30,&quot;type&quot;:0,&quot;target&quot;:30},{&quot;number&quot;:31,&quot;type&quot;:0,&quot;target&quot;:31},{&quot;number&quot;:32,&quot;type&quot;:0,&quot;target&quot;:32},{&quot;number&quot;:33,&quot;type&quot;:0,&quot;target&quot;:33},{&quot;number&quot;:34,&quot;type&quot;:0,&quot;target&quot;:34},{&quot;number&quot;:35,&quot;type&quot;:0,&quot;target&quot;:35},{&quot;number&quot;:36,&quot;type&quot;:0,&quot;target&quot;:36},{&quot;number&quot;:37,&quot;type&quot;:2,&quot;target&quot;:61},{&quot;number&quot;:38,&quot;type&quot;:0,&quot;target&quot;:38},{&quot;number&quot;:39,&quot;type&quot;:0,&quot;target&quot;:39},{&quot;number&quot;:40,&quot;type&quot;:0,&quot;target&quot;:40},{&quot;number&quot;:41,&quot;type&quot;:0,&quot;target&quot;:41},{&quot;number&quot;:42,&quot;type&quot;:0,&quot;target&quot;:42},{&quot;number&quot;:43,&quot;type&quot;:0,&quot;target&quot;:43},{&quot;number&quot;:44,&quot;type&quot;:0,&quot;target&quot;:44},{&quot;number&quot;:45,&quot;type&quot;:0,&quot;target&quot;:45},{&quot;number&quot;:46,&quot;type&quot;:0,&quot;target&quot;:46},{&quot;number&quot;:47,&quot;type&quot;:0,&quot;target&quot;:47},{&quot;number&quot;:48,&quot;type&quot;:0,&quot;target&quot;:48},{&quot;number&quot;:49,&quot;type&quot;:0,&quot;target&quot;:49},{&quot;number&quot;:50,&quot;type&quot;:0,&quot;target&quot;:50},{&quot;number&quot;:51,&quot;type&quot;:0,&quot;target&quot;:51},{&quot;number&quot;:52,&quot;type&quot;:0,&quot;target&quot;:52},{&quot;number&quot;:53,&quot;type&quot;:0,&quot;target&quot;:53},{&quot;number&quot;:54,&quot;type&quot;:0,&quot;target&quot;:54},{&quot;number&quot;:55,&quot;type&quot;:1,&quot;target&quot;:13},{&quot;number&quot;:56,&quot;type&quot;:0,&quot;target&quot;:56},{&quot;number&quot;:57,&quot;type&quot;:0,&quot;target&quot;:57},{&quot;number&quot;:58,&quot;type&quot;:0,&quot;target&quot;:58},{&quot;number&quot;:59,&quot;type&quot;:0,&quot;target&quot;:59},{&quot;number&quot;:60,&quot;type&quot;:0,&quot;target&quot;:60},{&quot;number&quot;:61,&quot;type&quot;:0,&quot;target&quot;:61},{&quot;number&quot;:62,&quot;type&quot;:0,&quot;target&quot;:62},{&quot;number&quot;:63,&quot;type&quot;:0,&quot;target&quot;:63},{&quot;number&quot;:64,&quot;type&quot;:0,&quot;target&quot;:64},{&quot;number&quot;:65,&quot;type&quot;:0,&quot;target&quot;:65},{&quot;number&quot;:66,&quot;type&quot;:0,&quot;target&quot;:66},{&quot;number&quot;:67,&quot;type&quot;:0,&quot;target&quot;:67},{&quot;number&quot;:68,&quot;type&quot;:2,&quot;target&quot;:90},{&quot;number&quot;:69,&quot;type&quot;:0,&quot;target&quot;:69},{&quot;number&quot;:70,&quot;type&quot;:1,&quot;target&quot;:32},{&quot;number&quot;:71,&quot;type&quot;:0,&quot;target&quot;:71},{&quot;number&quot;:72,&quot;type&quot;:0,&quot;target&quot;:72},{&quot;number&quot;:73,&quot;type&quot;:0,&quot;target&quot;:73},{&quot;number&quot;:74,&quot;type&quot;:0,&quot;target&quot;:74},{&quot;number&quot;:75,&quot;type&quot;:0,&quot;target&quot;:75},{&quot;number&quot;:76,&quot;type&quot;:0,&quot;target&quot;:76},{&quot;number&quot;:77,&quot;type&quot;:0,&quot;target&quot;:77},{&quot;number&quot;:78,&quot;type&quot;:0,&quot;target&quot;:78},{&quot;number&quot;:79,&quot;type&quot;:2,&quot;target&quot;:97},{&quot;number&quot;:80,&quot;type&quot;:0,&quot;target&quot;:80},{&quot;number&quot;:81,&quot;type&quot;:0,&quot;target&quot;:81},{&quot;number&quot;:82,&quot;type&quot;:0,&quot;target&quot;:82},{&quot;number&quot;:83,&quot;type&quot;:0,&quot;target&quot;:83},{&quot;number&quot;:84,&quot;type&quot;:0,&quot;target&quot;:84},{&quot;number&quot;:85,&quot;type&quot;:0,&quot;target&quot;:85},{&quot;number&quot;:86,&quot;type&quot;:0,&quot;target&quot;:86},{&quot;number&quot;:87,&quot;type&quot;:0,&quot;target&quot;:87},{&quot;number&quot;:88,&quot;type&quot;:0,&quot;target&quot;:88},{&quot;number&quot;:89,&quot;type&quot;:0,&quot;target&quot;:89},{&quot;number&quot;:90,&quot;type&quot;:0,&quot;target&quot;:90},{&quot;number&quot;:91,&quot;type&quot;:0,&quot;target&quot;:91},{&quot;number&quot;:92,&quot;type&quot;:0,&quot;target&quot;:92},{&quot;number&quot;:93,&quot;type&quot;:1,&quot;target&quot;:67},{&quot;number&quot;:94,&quot;type&quot;:0,&quot;target&quot;:94},{&quot;number&quot;:95,&quot;type&quot;:0,&quot;target&quot;:95},{&quot;number&quot;:96,&quot;type&quot;:0,&quot;target&quot;:96},{&quot;number&quot;:97,&quot;type&quot;:0,&quot;target&quot;:97},{&quot;number&quot;:98,&quot;type&quot;:0,&quot;target&quot;:98},{&quot;number&quot;:99,&quot;type&quot;:1,&quot;target&quot;:3},{&quot;number&quot;:100,&quot;type&quot;:0,&quot;target&quot;:100}]}" time="0.01" classname="NewTest"/>
  <testcase name="registration_of_user_after_game_has_begun on UUID:0128db20-8300-49d1-89d0-7d8adcd604b2
{&quot;players&quot;:[],&quot;turn&quot;:0,&quot;steps&quot;:[{&quot;number&quot;:0,&quot;type&quot;:0,&quot;target&quot;:0},{&quot;number&quot;:1,&quot;type&quot;:0,&quot;target&quot;:1},{&quot;number&quot;:2,&quot;type&quot;:2,&quot;target&quot;:24},{&quot;number&quot;:3,&quot;type&quot;:0,&quot;target&quot;:3},{&quot;number&quot;:4,&quot;type&quot;:0,&quot;target&quot;:4},{&quot;number&quot;:5,&quot;type&quot;:0,&quot;target&quot;:5},{&quot;number&quot;:6,&quot;type&quot;:0,&quot;target&quot;:6},{&quot;number&quot;:7,&quot;type&quot;:0,&quot;target&quot;:7},{&quot;number&quot;:8,&quot;type&quot;:0,&quot;target&quot;:8},{&quot;number&quot;:9,&quot;type&quot;:0,&quot;target&quot;:9},{&quot;number&quot;:10,&quot;type&quot;:0,&quot;target&quot;:10},{&quot;number&quot;:11,&quot;type&quot;:2,&quot;target&quot;:33},{&quot;number&quot;:12,&quot;type&quot;:0,&quot;target&quot;:12},{&quot;number&quot;:13,&quot;type&quot;:0,&quot;target&quot;:13},{&quot;number&quot;:14,&quot;type&quot;:0,&quot;target&quot;:14},{&quot;number&quot;:15,&quot;type&quot;:0,&quot;target&quot;:15},{&quot;number&quot;:16,&quot;type&quot;:0,&quot;target&quot;:16},{&quot;number&quot;:17,&quot;type&quot;:0,&quot;target&quot;:17},{&quot;number&quot;:18,&quot;type&quot;:0,&quot;target&quot;:18},{&quot;number&quot;:19,&quot;type&quot;:0,&quot;target&quot;:19},{&quot;number&quot;:20,&quot;type&quot;:0,&quot;target&quot;:20},{&quot;number&quot;:21,&quot;type&quot;:0,&quot;target&quot;:21},{&quot;number&quot;:22,&quot;type&quot;:0,&quot;target&quot;:22},{&quot;number&quot;:23,&quot;type&quot;:1,&quot;target&quot;:7},{&quot;number&quot;:24,&quot;type&quot;:0,&quot;target&quot;:24},{&quot;number&quot;:25,&quot;type&quot;:2,&quot;target&quot;:85},{&quot;number&quot;:26,&quot;type&quot;:0,&quot;target&quot;:26},{&quot;number&quot;:27,&quot;type&quot;:0,&quot;target&quot;:27},{&quot;number&quot;:28,&quot;type&quot;:0,&quot;target&quot;:28},{&quot;number&quot;:29,&quot;type&quot;:0,&quot;target&quot;:29},{&quot;number&quot;:30,&quot;type&quot;:0,&quot;target&quot;:30},{&quot;number&quot;:31,&quot;type&quot;:0,&quot;target&quot;:31},{&quot;number&quot;:32,&quot;type&quot;:0,&quot;target&quot;:32},{&quot;number&quot;:33,&quot;type&quot;:0,&quot;target&quot;:33},{&quot;number&quot;:34,&quot;type&quot;:0,&quot;target&quot;:34},{&quot;number&quot;:35,&quot;type&quot;:0,&quot;target&quot;:35},{&quot;number&quot;:36,&quot;type&quot;:0,&quot;target&quot;:36},{&quot;number&quot;:37,&quot;type&quot;:2,&quot;target&quot;:61},{&quot;number&quot;:38,&quot;type&quot;:0,&quot;target&quot;:38},{&quot;number&quot;:39,&quot;type&quot;:0,&quot;target&quot;:39},{&quot;number&quot;:40,&quot;type&quot;:0,&quot;target&quot;:40},{&quot;number&quot;:41,&quot;type&quot;:0,&quot;target&quot;:41},{&quot;number&quot;:42,&quot;type&quot;:0,&quot;target&quot;:42},{&quot;number&quot;:43,&quot;type&quot;:0,&quot;target&quot;:43},{&quot;number&quot;:44,&quot;type&quot;:0,&quot;target&quot;:44},{&quot;number&quot;:45,&quot;type&quot;:0,&quot;target&quot;:45},{&quot;number&quot;:46,&quot;type&quot;:0,&quot;target&quot;:46},{&quot;number&quot;:47,&quot;type&quot;:0,&quot;target&quot;:47},{&quot;number&quot;:48,&quot;type&quot;:0,&quot;target&quot;:48},{&quot;number&quot;:49,&quot;type&quot;:0,&quot;target&quot;:49},{&quot;number&quot;:50,&quot;type&quot;:0,&quot;target&quot;:50},{&quot;number&quot;:51,&quot;type&quot;:0,&quot;target&quot;:51},{&quot;number&quot;:52,&quot;type&quot;:0,&quot;target&quot;:52},{&quot;number&quot;:53,&quot;type&quot;:0,&quot;target&quot;:53},{&quot;number&quot;:54,&quot;type&quot;:0,&quot;target&quot;:54},{&quot;number&quot;:55,&quot;type&quot;:1,&quot;target&quot;:13},{&quot;number&quot;:56,&quot;type&quot;:0,&quot;target&quot;:56},{&quot;number&quot;:57,&quot;type&quot;:0,&quot;target&quot;:57},{&quot;number&quot;:58,&quot;type&quot;:0,&quot;target&quot;:58},{&quot;number&quot;:59,&quot;type&quot;:0,&quot;target&quot;:59},{&quot;number&quot;:60,&quot;type&quot;:0,&quot;target&quot;:60},{&quot;number&quot;:61,&quot;type&quot;:0,&quot;target&quot;:61},{&quot;number&quot;:62,&quot;type&quot;:0,&quot;target&quot;:62},{&quot;number&quot;:63,&quot;type&quot;:0,&quot;target&quot;:63},{&quot;number&quot;:64,&quot;type&quot;:0,&quot;target&quot;:64},{&quot;number&quot;:65,&quot;type&quot;:0,&quot;target&quot;:65},{&quot;number&quot;:66,&quot;type&quot;:0,&quot;target&quot;:66},{&quot;number&quot;:67,&quot;type&quot;:0,&quot;target&quot;:67},{&quot;number&quot;:68,&quot;type&quot;:2,&quot;target&quot;:90},{&quot;number&quot;:69,&quot;type&quot;:0,&quot;target&quot;:69},{&quot;number&quot;:70,&quot;type&quot;:1,&quot;target&quot;:32},{&quot;number&quot;:71,&quot;type&quot;:0,&quot;target&quot;:71},{&quot;number&quot;:72,&quot;type&quot;:0,&quot;target&quot;:72},{&quot;number&quot;:73,&quot;type&quot;:0,&quot;target&quot;:73},{&quot;number&quot;:74,&quot;type&quot;:0,&quot;target&quot;:74},{&quot;number&quot;:75,&quot;type&quot;:0,&quot;target&quot;:75},{&quot;number&quot;:76,&quot;type&quot;:0,&quot;target&quot;:76},{&quot;number&quot;:77,&quot;type&quot;:0,&quot;target&quot;:77},{&quot;number&quot;:78,&quot;type&quot;:0,&quot;target&quot;:78},{&quot;number&quot;:79,&quot;type&quot;:2,&quot;target&quot;:97},{&quot;number&quot;:80,&quot;type&quot;:0,&quot;target&quot;:80},{&quot;number&quot;:81,&quot;type&quot;:0,&quot;target&quot;:81},{&quot;number&quot;:82,&quot;type&quot;:0,&quot;target&quot;:82},{&quot;number&quot;:83,&quot;type&quot;:0,&quot;target&quot;:83},{&quot;number&quot;:84,&quot;type&quot;:0,&quot;target&quot;:84},{&quot;number&quot;:85,&quot;type&quot;:0,&quot;target&quot;:85},{&quot;number&quot;:86,&quot;type&quot;:0,&quot;target&quot;:86},{&quot;number&quot;:87,&quot;type&quot;:0,&quot;target&quot;:87},{&quot;number&quot;:88,&quot;type&quot;:0,&quot;target&quot;:88},{&quot;number&quot;:89,&quot;type&quot;:0,&quot;target&quot;:89},{&quot;number&quot;:90,&quot;type&quot;:0,&quot;target&quot;:90},{&quot;number&quot;:91,&quot;type&quot;:0,&quot;target&quot;:91},{&quot;number&quot;:92,&quot;type&quot;:0,&quot;target&quot;:92},{&quot;number&quot;:93,&quot;type&quot;:1,&quot;target&quot;:67},{&quot;number&quot;:94,&quot;type&quot;:0,&quot;target&quot;:94},{&quot;number&quot;:95,&quot;type&quot;:0,&quot;target&quot;:95},{&quot;number&quot;:96,&quot;type&quot;:0,&quot;target&quot;:96},{&quot;number&quot;:97,&quot;type&quot;:0,&quot;target&quot;:97},{&quot;number&quot;:98,&quot;type&quot;:0,&quot;target&quot;:98},{&quot;number&quot;:99,&quot;type&quot;:1,&quot;target&quot;:3},{&quot;number&quot;:100,&quot;type&quot;:0,&quot;target&quot;:100}]}" time="0.02" classname="NewTest"/>
  <testcase name="roll_dice_with_random_uuid on UUID:0128db20-8300-49d1-89d0-7d8adcd604b2
{&quot;players&quot;:[],&quot;turn&quot;:0,&quot;steps&quot;:[{&quot;number&quot;:0,&quot;type&quot;:0,&quot;target&quot;:0},{&quot;number&quot;:1,&quot;type&quot;:0,&quot;target&quot;:1},{&quot;number&quot;:2,&quot;type&quot;:2,&quot;target&quot;:24},{&quot;number&quot;:3,&quot;type&quot;:0,&quot;target&quot;:3},{&quot;number&quot;:4,&quot;type&quot;:0,&quot;target&quot;:4},{&quot;number&quot;:5,&quot;type&quot;:0,&quot;target&quot;:5},{&quot;number&quot;:6,&quot;type&quot;:0,&quot;target&quot;:6},{&quot;number&quot;:7,&quot;type&quot;:0,&quot;target&quot;:7},{&quot;number&quot;:8,&quot;type&quot;:0,&quot;target&quot;:8},{&quot;number&quot;:9,&quot;type&quot;:0,&quot;target&quot;:9},{&quot;number&quot;:10,&quot;type&quot;:0,&quot;target&quot;:10},{&quot;number&quot;:11,&quot;type&quot;:2,&quot;target&quot;:33},{&quot;number&quot;:12,&quot;type&quot;:0,&quot;target&quot;:12},{&quot;number&quot;:13,&quot;type&quot;:0,&quot;target&quot;:13},{&quot;number&quot;:14,&quot;type&quot;:0,&quot;target&quot;:14},{&quot;number&quot;:15,&quot;type&quot;:0,&quot;target&quot;:15},{&quot;number&quot;:16,&quot;type&quot;:0,&quot;target&quot;:16},{&quot;number&quot;:17,&quot;type&quot;:0,&quot;target&quot;:17},{&quot;number&quot;:18,&quot;type&quot;:0,&quot;target&quot;:18},{&quot;number&quot;:19,&quot;type&quot;:0,&quot;target&quot;:19},{&quot;number&quot;:20,&quot;type&quot;:0,&quot;target&quot;:20},{&quot;number&quot;:21,&quot;type&quot;:0,&quot;target&quot;:21},{&quot;number&quot;:22,&quot;type&quot;:0,&quot;target&quot;:22},{&quot;number&quot;:23,&quot;type&quot;:1,&quot;target&quot;:7},{&quot;number&quot;:24,&quot;type&quot;:0,&quot;target&quot;:24},{&quot;number&quot;:25,&quot;type&quot;:2,&quot;target&quot;:85},{&quot;number&quot;:26,&quot;type&quot;:0,&quot;target&quot;:26},{&quot;number&quot;:27,&quot;type&quot;:0,&quot;target&quot;:27},{&quot;number&quot;:28,&quot;type&quot;:0,&quot;target&quot;:28},{&quot;number&quot;:29,&quot;type&quot;:0,&quot;target&quot;:29},{&quot;number&quot;:30,&quot;type&quot;:0,&quot;target&quot;:30},{&quot;number&quot;:31,&quot;type&quot;:0,&quot;target&quot;:31},{&quot;number&quot;:32,&quot;type&quot;:0,&quot;target&quot;:32},{&quot;number&quot;:33,&quot;type&quot;:0,&quot;target&quot;:33},{&quot;number&quot;:34,&quot;type&quot;:0,&quot;target&quot;:34},{&quot;number&quot;:35,&quot;type&quot;:0,&quot;target&quot;:35},{&quot;number&quot;:36,&quot;type&quot;:0,&quot;target&quot;:36},{&quot;number&quot;:37,&quot;type&quot;:2,&quot;target&quot;:61},{&quot;number&quot;:38,&quot;type&quot;:0,&quot;target&quot;:38},{&quot;number&quot;:39,&quot;type&quot;:0,&quot;target&quot;:39},{&quot;number&quot;:40,&quot;type&quot;:0,&quot;target&quot;:40},{&quot;number&quot;:41,&quot;type&quot;:0,&quot;target&quot;:41},{&quot;number&quot;:42,&quot;type&quot;:0,&quot;target&quot;:42},{&quot;number&quot;:43,&quot;type&quot;:0,&quot;target&quot;:43},{&quot;number&quot;:44,&quot;type&quot;:0,&quot;target&quot;:44},{&quot;number&quot;:45,&quot;type&quot;:0,&quot;target&quot;:45},{&quot;number&quot;:46,&quot;type&quot;:0,&quot;target&quot;:46},{&quot;number&quot;:47,&quot;type&quot;:0,&quot;target&quot;:47},{&quot;number&quot;:48,&quot;type&quot;:0,&quot;target&quot;:48},{&quot;number&quot;:49,&quot;type&quot;:0,&quot;target&quot;:49},{&quot;number&quot;:50,&quot;type&quot;:0,&quot;target&quot;:50},{&quot;number&quot;:51,&quot;type&quot;:0,&quot;target&quot;:51},{&quot;number&quot;:52,&quot;type&quot;:0,&quot;target&quot;:52},{&quot;number&quot;:53,&quot;type&quot;:0,&quot;target&quot;:53},{&quot;number&quot;:54,&quot;type&quot;:0,&quot;target&quot;:54},{&quot;number&quot;:55,&quot;type&quot;:1,&quot;target&quot;:13},{&quot;number&quot;:56,&quot;type&quot;:0,&quot;target&quot;:56},{&quot;number&quot;:57,&quot;type&quot;:0,&quot;target&quot;:57},{&quot;number&quot;:58,&quot;type&quot;:0,&quot;target&quot;:58},{&quot;number&quot;:59,&quot;type&quot;:0,&quot;target&quot;:59},{&quot;number&quot;:60,&quot;type&quot;:0,&quot;target&quot;:60},{&quot;number&quot;:61,&quot;type&quot;:0,&quot;target&quot;:61},{&quot;number&quot;:62,&quot;type&quot;:0,&quot;target&quot;:62},{&quot;number&quot;:63,&quot;type&quot;:0,&quot;target&quot;:63},{&quot;number&quot;:64,&quot;type&quot;:0,&quot;target&quot;:64},{&quot;number&quot;:65,&quot;type&quot;:0,&quot;target&quot;:65},{&quot;number&quot;:66,&quot;type&quot;:0,&quot;target&quot;:66},{&quot;number&quot;:67,&quot;type&quot;:0,&quot;target&quot;:67},{&quot;number&quot;:68,&quot;type&quot;:2,&quot;target&quot;:90},{&quot;number&quot;:69,&quot;type&quot;:0,&quot;target&quot;:69},{&quot;number&quot;:70,&quot;type&quot;:1,&quot;target&quot;:32},{&quot;number&quot;:71,&quot;type&quot;:0,&quot;target&quot;:71},{&quot;number&quot;:72,&quot;type&quot;:0,&quot;target&quot;:72},{&quot;number&quot;:73,&quot;type&quot;:0,&quot;target&quot;:73},{&quot;number&quot;:74,&quot;type&quot;:0,&quot;target&quot;:74},{&quot;number&quot;:75,&quot;type&quot;:0,&quot;target&quot;:75},{&quot;number&quot;:76,&quot;type&quot;:0,&quot;target&quot;:76},{&quot;number&quot;:77,&quot;type&quot;:0,&quot;target&quot;:77},{&quot;number&quot;:78,&quot;type&quot;:0,&quot;target&quot;:78},{&quot;number&quot;:79,&quot;type&quot;:2,&quot;target&quot;:97},{&quot;number&quot;:80,&quot;type&quot;:0,&quot;target&quot;:80},{&quot;number&quot;:81,&quot;type&quot;:0,&quot;target&quot;:81},{&quot;number&quot;:82,&quot;type&quot;:0,&quot;target&quot;:82},{&quot;number&quot;:83,&quot;type&quot;:0,&quot;target&quot;:83},{&quot;number&quot;:84,&quot;type&quot;:0,&quot;target&quot;:84},{&quot;number&quot;:85,&quot;type&quot;:0,&quot;target&quot;:85},{&quot;number&quot;:86,&quot;type&quot;:0,&quot;target&quot;:86},{&quot;number&quot;:87,&quot;type&quot;:0,&quot;target&quot;:87},{&quot;number&quot;:88,&quot;type&quot;:0,&quot;target&quot;:88},{&quot;number&quot;:89,&quot;type&quot;:0,&quot;target&quot;:89},{&quot;number&quot;:90,&quot;type&quot;:0,&quot;target&quot;:90},{&quot;number&quot;:91,&quot;type&quot;:0,&quot;target&quot;:91},{&quot;number&quot;:92,&quot;type&quot;:0,&quot;target&quot;:92},{&quot;number&quot;:93,&quot;type&quot;:1,&quot;target&quot;:67},{&quot;number&quot;:94,&quot;type&quot;:0,&quot;target&quot;:94},{&quot;number&quot;:95,&quot;type&quot;:0,&quot;target&quot;:95},{&quot;number&quot;:96,&quot;type&quot;:0,&quot;target&quot;:96},{&quot;number&quot;:97,&quot;type&quot;:0,&quot;target&quot;:97},{&quot;number&quot;:98,&quot;type&quot;:0,&quot;target&quot;:98},{&quot;number&quot;:99,&quot;type&quot;:1,&quot;target&quot;:3},{&quot;number&quot;:100,&quot;type&quot;:0,&quot;target&quot;:100}]}" time="0.02" classname="NewTest"/>
  <testcase name="roll_dice_without_registering_player on UUID:0128db20-8300-49d1-89d0-7d8adcd604b2
{&quot;players&quot;:[],&quot;turn&quot;:0,&quot;steps&quot;:[{&quot;number&quot;:0,&quot;type&quot;:0,&quot;target&quot;:0},{&quot;number&quot;:1,&quot;type&quot;:0,&quot;target&quot;:1},{&quot;number&quot;:2,&quot;type&quot;:2,&quot;target&quot;:24},{&quot;number&quot;:3,&quot;type&quot;:0,&quot;target&quot;:3},{&quot;number&quot;:4,&quot;type&quot;:0,&quot;target&quot;:4},{&quot;number&quot;:5,&quot;type&quot;:0,&quot;target&quot;:5},{&quot;number&quot;:6,&quot;type&quot;:0,&quot;target&quot;:6},{&quot;number&quot;:7,&quot;type&quot;:0,&quot;target&quot;:7},{&quot;number&quot;:8,&quot;type&quot;:0,&quot;target&quot;:8},{&quot;number&quot;:9,&quot;type&quot;:0,&quot;target&quot;:9},{&quot;number&quot;:10,&quot;type&quot;:0,&quot;target&quot;:10},{&quot;number&quot;:11,&quot;type&quot;:2,&quot;target&quot;:33},{&quot;number&quot;:12,&quot;type&quot;:0,&quot;target&quot;:12},{&quot;number&quot;:13,&quot;type&quot;:0,&quot;target&quot;:13},{&quot;number&quot;:14,&quot;type&quot;:0,&quot;target&quot;:14},{&quot;number&quot;:15,&quot;type&quot;:0,&quot;target&quot;:15},{&quot;number&quot;:16,&quot;type&quot;:0,&quot;target&quot;:16},{&quot;number&quot;:17,&quot;type&quot;:0,&quot;target&quot;:17},{&quot;number&quot;:18,&quot;type&quot;:0,&quot;target&quot;:18},{&quot;number&quot;:19,&quot;type&quot;:0,&quot;target&quot;:19},{&quot;number&quot;:20,&quot;type&quot;:0,&quot;target&quot;:20},{&quot;number&quot;:21,&quot;type&quot;:0,&quot;target&quot;:21},{&quot;number&quot;:22,&quot;type&quot;:0,&quot;target&quot;:22},{&quot;number&quot;:23,&quot;type&quot;:1,&quot;target&quot;:7},{&quot;number&quot;:24,&quot;type&quot;:0,&quot;target&quot;:24},{&quot;number&quot;:25,&quot;type&quot;:2,&quot;target&quot;:85},{&quot;number&quot;:26,&quot;type&quot;:0,&quot;target&quot;:26},{&quot;number&quot;:27,&quot;type&quot;:0,&quot;target&quot;:27},{&quot;number&quot;:28,&quot;type&quot;:0,&quot;target&quot;:28},{&quot;number&quot;:29,&quot;type&quot;:0,&quot;target&quot;:29},{&quot;number&quot;:30,&quot;type&quot;:0,&quot;target&quot;:30},{&quot;number&quot;:31,&quot;type&quot;:0,&quot;target&quot;:31},{&quot;number&quot;:32,&quot;type&quot;:0,&quot;target&quot;:32},{&quot;number&quot;:33,&quot;type&quot;:0,&quot;target&quot;:33},{&quot;number&quot;:34,&quot;type&quot;:0,&quot;target&quot;:34},{&quot;number&quot;:35,&quot;type&quot;:0,&quot;target&quot;:35},{&quot;number&quot;:36,&quot;type&quot;:0,&quot;target&quot;:36},{&quot;number&quot;:37,&quot;type&quot;:2,&quot;target&quot;:61},{&quot;number&quot;:38,&quot;type&quot;:0,&quot;target&quot;:38},{&quot;number&quot;:39,&quot;type&quot;:0,&quot;target&quot;:39},{&quot;number&quot;:40,&quot;type&quot;:0,&quot;target&quot;:40},{&quot;number&quot;:41,&quot;type&quot;:0,&quot;target&quot;:41},{&quot;number&quot;:42,&quot;type&quot;:0,&quot;target&quot;:42},{&quot;number&quot;:43,&quot;type&quot;:0,&quot;target&quot;:43},{&quot;number&quot;:44,&quot;type&quot;:0,&quot;target&quot;:44},{&quot;number&quot;:45,&quot;type&quot;:0,&quot;target&quot;:45},{&quot;number&quot;:46,&quot;type&quot;:0,&quot;target&quot;:46},{&quot;number&quot;:47,&quot;type&quot;:0,&quot;target&quot;:47},{&quot;number&quot;:48,&quot;type&quot;:0,&quot;target&quot;:48},{&quot;number&quot;:49,&quot;type&quot;:0,&quot;target&quot;:49},{&quot;number&quot;:50,&quot;type&quot;:0,&quot;target&quot;:50},{&quot;number&quot;:51,&quot;type&quot;:0,&quot;target&quot;:51},{&quot;number&quot;:52,&quot;type&quot;:0,&quot;target&quot;:52},{&quot;number&quot;:53,&quot;type&quot;:0,&quot;target&quot;:53},{&quot;number&quot;:54,&quot;type&quot;:0,&quot;target&quot;:54},{&quot;number&quot;:55,&quot;type&quot;:1,&quot;target&quot;:13},{&quot;number&quot;:56,&quot;type&quot;:0,&quot;target&quot;:56},{&quot;number&quot;:57,&quot;type&quot;:0,&quot;target&quot;:57},{&quot;number&quot;:58,&quot;type&quot;:0,&quot;target&quot;:58},{&quot;number&quot;:59,&quot;type&quot;:0,&quot;target&quot;:59},{&quot;number&quot;:60,&quot;type&quot;:0,&quot;target&quot;:60},{&quot;number&quot;:61,&quot;type&quot;:0,&quot;target&quot;:61},{&quot;number&quot;:62,&quot;type&quot;:0,&quot;target&quot;:62},{&quot;number&quot;:63,&quot;type&quot;:0,&quot;target&quot;:63},{&quot;number&quot;:64,&quot;type&quot;:0,&quot;target&quot;:64},{&quot;number&quot;:65,&quot;type&quot;:0,&quot;target&quot;:65},{&quot;number&quot;:66,&quot;type&quot;:0,&quot;target&quot;:66},{&quot;number&quot;:67,&quot;type&quot;:0,&quot;target&quot;:67},{&quot;number&quot;:68,&quot;type&quot;:2,&quot;target&quot;:90},{&quot;number&quot;:69,&quot;type&quot;:0,&quot;target&quot;:69},{&quot;number&quot;:70,&quot;type&quot;:1,&quot;target&quot;:32},{&quot;number&quot;:71,&quot;type&quot;:0,&quot;target&quot;:71},{&quot;number&quot;:72,&quot;type&quot;:0,&quot;target&quot;:72},{&quot;number&quot;:73,&quot;type&quot;:0,&quot;target&quot;:73},{&quot;number&quot;:74,&quot;type&quot;:0,&quot;target&quot;:74},{&quot;number&quot;:75,&quot;type&quot;:0,&quot;target&quot;:75},{&quot;number&quot;:76,&quot;type&quot;:0,&quot;target&quot;:76},{&quot;number&quot;:77,&quot;type&quot;:0,&quot;target&quot;:77},{&quot;number&quot;:78,&quot;type&quot;:0,&quot;target&quot;:78},{&quot;number&quot;:79,&quot;type&quot;:2,&quot;target&quot;:97},{&quot;number&quot;:80,&quot;type&quot;:0,&quot;target&quot;:80},{&quot;number&quot;:81,&quot;type&quot;:0,&quot;target&quot;:81},{&quot;number&quot;:82,&quot;type&quot;:0,&quot;target&quot;:82},{&quot;number&quot;:83,&quot;type&quot;:0,&quot;target&quot;:83},{&quot;number&quot;:84,&quot;type&quot;:0,&quot;target&quot;:84},{&quot;number&quot;:85,&quot;type&quot;:0,&quot;target&quot;:85},{&quot;number&quot;:86,&quot;type&quot;:0,&quot;target&quot;:86},{&quot;number&quot;:87,&quot;type&quot;:0,&quot;target&quot;:87},{&quot;number&quot;:88,&quot;type&quot;:0,&quot;target&quot;:88},{&quot;number&quot;:89,&quot;type&quot;:0,&quot;target&quot;:89},{&quot;number&quot;:90,&quot;type&quot;:0,&quot;target&quot;:90},{&quot;number&quot;:91,&quot;type&quot;:0,&quot;target&quot;:91},{&quot;number&quot;:92,&quot;type&quot;:0,&quot;target&quot;:92},{&quot;number&quot;:93,&quot;type&quot;:1,&quot;target&quot;:67},{&quot;number&quot;:94,&quot;type&quot;:0,&quot;target&quot;:94},{&quot;number&quot;:95,&quot;type&quot;:0,&quot;target&quot;:95},{&quot;number&quot;:96,&quot;type&quot;:0,&quot;target&quot;:96},{&quot;number&quot;:97,&quot;type&quot;:0,&quot;target&quot;:97},{&quot;number&quot;:98,&quot;type&quot;:0,&quot;target&quot;:98},{&quot;number&quot;:99,&quot;type&quot;:1,&quot;target&quot;:3},{&quot;number&quot;:100,&quot;type&quot;:0,&quot;target&quot;:100}]}" time="0.0" classname="NewTest"/>
</testsuite>
