<?xml version="1.0" encoding="UTF-8"?>
<!-- Generated by org.testng.reporters.JUnitXMLReporter -->
<testsuite hostname="HPDB0271" ignored="0" tests="3" failures="1" timestamp="25 Jun 2018 11:55:09 GMT" time="0.1" errors="0">
  <testcase name="adding_use_with_same_name_again on UUID:07663e39-36f8-4388-9da3-0536a26c1202
{&quot;players&quot;:[],&quot;turn&quot;:0,&quot;steps&quot;:[{&quot;number&quot;:0,&quot;type&quot;:0,&quot;target&quot;:0},{&quot;number&quot;:1,&quot;type&quot;:0,&quot;target&quot;:1},{&quot;number&quot;:2,&quot;type&quot;:2,&quot;target&quot;:24},{&quot;number&quot;:3,&quot;type&quot;:0,&quot;target&quot;:3},{&quot;number&quot;:4,&quot;type&quot;:0,&quot;target&quot;:4},{&quot;number&quot;:5,&quot;type&quot;:0,&quot;target&quot;:5},{&quot;number&quot;:6,&quot;type&quot;:0,&quot;target&quot;:6},{&quot;number&quot;:7,&quot;type&quot;:0,&quot;target&quot;:7},{&quot;number&quot;:8,&quot;type&quot;:0,&quot;target&quot;:8},{&quot;number&quot;:9,&quot;type&quot;:0,&quot;target&quot;:9},{&quot;number&quot;:10,&quot;type&quot;:0,&quot;target&quot;:10},{&quot;number&quot;:11,&quot;type&quot;:2,&quot;target&quot;:33},{&quot;number&quot;:12,&quot;type&quot;:0,&quot;target&quot;:12},{&quot;number&quot;:13,&quot;type&quot;:0,&quot;target&quot;:13},{&quot;number&quot;:14,&quot;type&quot;:0,&quot;target&quot;:14},{&quot;number&quot;:15,&quot;type&quot;:0,&quot;target&quot;:15},{&quot;number&quot;:16,&quot;type&quot;:0,&quot;target&quot;:16},{&quot;number&quot;:17,&quot;type&quot;:0,&quot;target&quot;:17},{&quot;number&quot;:18,&quot;type&quot;:0,&quot;target&quot;:18},{&quot;number&quot;:19,&quot;type&quot;:0,&quot;target&quot;:19},{&quot;number&quot;:20,&quot;type&quot;:0,&quot;target&quot;:20},{&quot;number&quot;:21,&quot;type&quot;:0,&quot;target&quot;:21},{&quot;number&quot;:22,&quot;type&quot;:0,&quot;target&quot;:22},{&quot;number&quot;:23,&quot;type&quot;:1,&quot;target&quot;:7},{&quot;number&quot;:24,&quot;type&quot;:0,&quot;target&quot;:24},{&quot;number&quot;:25,&quot;type&quot;:2,&quot;target&quot;:85},{&quot;number&quot;:26,&quot;type&quot;:0,&quot;target&quot;:26},{&quot;number&quot;:27,&quot;type&quot;:0,&quot;target&quot;:27},{&quot;number&quot;:28,&quot;type&quot;:0,&quot;target&quot;:28},{&quot;number&quot;:29,&quot;type&quot;:0,&quot;target&quot;:29},{&quot;number&quot;:30,&quot;type&quot;:0,&quot;target&quot;:30},{&quot;number&quot;:31,&quot;type&quot;:0,&quot;target&quot;:31},{&quot;number&quot;:32,&quot;type&quot;:0,&quot;target&quot;:32},{&quot;number&quot;:33,&quot;type&quot;:0,&quot;target&quot;:33},{&quot;number&quot;:34,&quot;type&quot;:0,&quot;target&quot;:34},{&quot;number&quot;:35,&quot;type&quot;:0,&quot;target&quot;:35},{&quot;number&quot;:36,&quot;type&quot;:0,&quot;target&quot;:36},{&quot;number&quot;:37,&quot;type&quot;:2,&quot;target&quot;:61},{&quot;number&quot;:38,&quot;type&quot;:0,&quot;target&quot;:38},{&quot;number&quot;:39,&quot;type&quot;:0,&quot;target&quot;:39},{&quot;number&quot;:40,&quot;type&quot;:0,&quot;target&quot;:40},{&quot;number&quot;:41,&quot;type&quot;:0,&quot;target&quot;:41},{&quot;number&quot;:42,&quot;type&quot;:0,&quot;target&quot;:42},{&quot;number&quot;:43,&quot;type&quot;:0,&quot;target&quot;:43},{&quot;number&quot;:44,&quot;type&quot;:0,&quot;target&quot;:44},{&quot;number&quot;:45,&quot;type&quot;:0,&quot;target&quot;:45},{&quot;number&quot;:46,&quot;type&quot;:0,&quot;target&quot;:46},{&quot;number&quot;:47,&quot;type&quot;:0,&quot;target&quot;:47},{&quot;number&quot;:48,&quot;type&quot;:0,&quot;target&quot;:48},{&quot;number&quot;:49,&quot;type&quot;:0,&quot;target&quot;:49},{&quot;number&quot;:50,&quot;type&quot;:0,&quot;target&quot;:50},{&quot;number&quot;:51,&quot;type&quot;:0,&quot;target&quot;:51},{&quot;number&quot;:52,&quot;type&quot;:0,&quot;target&quot;:52},{&quot;number&quot;:53,&quot;type&quot;:0,&quot;target&quot;:53},{&quot;number&quot;:54,&quot;type&quot;:0,&quot;target&quot;:54},{&quot;number&quot;:55,&quot;type&quot;:1,&quot;target&quot;:13},{&quot;number&quot;:56,&quot;type&quot;:0,&quot;target&quot;:56},{&quot;number&quot;:57,&quot;type&quot;:0,&quot;target&quot;:57},{&quot;number&quot;:58,&quot;type&quot;:0,&quot;target&quot;:58},{&quot;number&quot;:59,&quot;type&quot;:0,&quot;target&quot;:59},{&quot;number&quot;:60,&quot;type&quot;:0,&quot;target&quot;:60},{&quot;number&quot;:61,&quot;type&quot;:0,&quot;target&quot;:61},{&quot;number&quot;:62,&quot;type&quot;:0,&quot;target&quot;:62},{&quot;number&quot;:63,&quot;type&quot;:0,&quot;target&quot;:63},{&quot;number&quot;:64,&quot;type&quot;:0,&quot;target&quot;:64},{&quot;number&quot;:65,&quot;type&quot;:0,&quot;target&quot;:65},{&quot;number&quot;:66,&quot;type&quot;:0,&quot;target&quot;:66},{&quot;number&quot;:67,&quot;type&quot;:0,&quot;target&quot;:67},{&quot;number&quot;:68,&quot;type&quot;:2,&quot;target&quot;:90},{&quot;number&quot;:69,&quot;type&quot;:0,&quot;target&quot;:69},{&quot;number&quot;:70,&quot;type&quot;:1,&quot;target&quot;:32},{&quot;number&quot;:71,&quot;type&quot;:0,&quot;target&quot;:71},{&quot;number&quot;:72,&quot;type&quot;:0,&quot;target&quot;:72},{&quot;number&quot;:73,&quot;type&quot;:0,&quot;target&quot;:73},{&quot;number&quot;:74,&quot;type&quot;:0,&quot;target&quot;:74},{&quot;number&quot;:75,&quot;type&quot;:0,&quot;target&quot;:75},{&quot;number&quot;:76,&quot;type&quot;:0,&quot;target&quot;:76},{&quot;number&quot;:77,&quot;type&quot;:0,&quot;target&quot;:77},{&quot;number&quot;:78,&quot;type&quot;:0,&quot;target&quot;:78},{&quot;number&quot;:79,&quot;type&quot;:2,&quot;target&quot;:97},{&quot;number&quot;:80,&quot;type&quot;:0,&quot;target&quot;:80},{&quot;number&quot;:81,&quot;type&quot;:0,&quot;target&quot;:81},{&quot;number&quot;:82,&quot;type&quot;:0,&quot;target&quot;:82},{&quot;number&quot;:83,&quot;type&quot;:0,&quot;target&quot;:83},{&quot;number&quot;:84,&quot;type&quot;:0,&quot;target&quot;:84},{&quot;number&quot;:85,&quot;type&quot;:0,&quot;target&quot;:85},{&quot;number&quot;:86,&quot;type&quot;:0,&quot;target&quot;:86},{&quot;number&quot;:87,&quot;type&quot;:0,&quot;target&quot;:87},{&quot;number&quot;:88,&quot;type&quot;:0,&quot;target&quot;:88},{&quot;number&quot;:89,&quot;type&quot;:0,&quot;target&quot;:89},{&quot;number&quot;:90,&quot;type&quot;:0,&quot;target&quot;:90},{&quot;number&quot;:91,&quot;type&quot;:0,&quot;target&quot;:91},{&quot;number&quot;:92,&quot;type&quot;:0,&quot;target&quot;:92},{&quot;number&quot;:93,&quot;type&quot;:1,&quot;target&quot;:67},{&quot;number&quot;:94,&quot;type&quot;:0,&quot;target&quot;:94},{&quot;number&quot;:95,&quot;type&quot;:0,&quot;target&quot;:95},{&quot;number&quot;:96,&quot;type&quot;:0,&quot;target&quot;:96},{&quot;number&quot;:97,&quot;type&quot;:0,&quot;target&quot;:97},{&quot;number&quot;:98,&quot;type&quot;:0,&quot;target&quot;:98},{&quot;number&quot;:99,&quot;type&quot;:1,&quot;target&quot;:3},{&quot;number&quot;:100,&quot;type&quot;:0,&quot;target&quot;:100}]}" time="0.01" classname="NewTest"/>
  <testcase name="not_able_to_add_more_than_four_users on UUID:07663e39-36f8-4388-9da3-0536a26c1202
{&quot;players&quot;:[],&quot;turn&quot;:0,&quot;steps&quot;:[{&quot;number&quot;:0,&quot;type&quot;:0,&quot;target&quot;:0},{&quot;number&quot;:1,&quot;type&quot;:0,&quot;target&quot;:1},{&quot;number&quot;:2,&quot;type&quot;:2,&quot;target&quot;:24},{&quot;number&quot;:3,&quot;type&quot;:0,&quot;target&quot;:3},{&quot;number&quot;:4,&quot;type&quot;:0,&quot;target&quot;:4},{&quot;number&quot;:5,&quot;type&quot;:0,&quot;target&quot;:5},{&quot;number&quot;:6,&quot;type&quot;:0,&quot;target&quot;:6},{&quot;number&quot;:7,&quot;type&quot;:0,&quot;target&quot;:7},{&quot;number&quot;:8,&quot;type&quot;:0,&quot;target&quot;:8},{&quot;number&quot;:9,&quot;type&quot;:0,&quot;target&quot;:9},{&quot;number&quot;:10,&quot;type&quot;:0,&quot;target&quot;:10},{&quot;number&quot;:11,&quot;type&quot;:2,&quot;target&quot;:33},{&quot;number&quot;:12,&quot;type&quot;:0,&quot;target&quot;:12},{&quot;number&quot;:13,&quot;type&quot;:0,&quot;target&quot;:13},{&quot;number&quot;:14,&quot;type&quot;:0,&quot;target&quot;:14},{&quot;number&quot;:15,&quot;type&quot;:0,&quot;target&quot;:15},{&quot;number&quot;:16,&quot;type&quot;:0,&quot;target&quot;:16},{&quot;number&quot;:17,&quot;type&quot;:0,&quot;target&quot;:17},{&quot;number&quot;:18,&quot;type&quot;:0,&quot;target&quot;:18},{&quot;number&quot;:19,&quot;type&quot;:0,&quot;target&quot;:19},{&quot;number&quot;:20,&quot;type&quot;:0,&quot;target&quot;:20},{&quot;number&quot;:21,&quot;type&quot;:0,&quot;target&quot;:21},{&quot;number&quot;:22,&quot;type&quot;:0,&quot;target&quot;:22},{&quot;number&quot;:23,&quot;type&quot;:1,&quot;target&quot;:7},{&quot;number&quot;:24,&quot;type&quot;:0,&quot;target&quot;:24},{&quot;number&quot;:25,&quot;type&quot;:2,&quot;target&quot;:85},{&quot;number&quot;:26,&quot;type&quot;:0,&quot;target&quot;:26},{&quot;number&quot;:27,&quot;type&quot;:0,&quot;target&quot;:27},{&quot;number&quot;:28,&quot;type&quot;:0,&quot;target&quot;:28},{&quot;number&quot;:29,&quot;type&quot;:0,&quot;target&quot;:29},{&quot;number&quot;:30,&quot;type&quot;:0,&quot;target&quot;:30},{&quot;number&quot;:31,&quot;type&quot;:0,&quot;target&quot;:31},{&quot;number&quot;:32,&quot;type&quot;:0,&quot;target&quot;:32},{&quot;number&quot;:33,&quot;type&quot;:0,&quot;target&quot;:33},{&quot;number&quot;:34,&quot;type&quot;:0,&quot;target&quot;:34},{&quot;number&quot;:35,&quot;type&quot;:0,&quot;target&quot;:35},{&quot;number&quot;:36,&quot;type&quot;:0,&quot;target&quot;:36},{&quot;number&quot;:37,&quot;type&quot;:2,&quot;target&quot;:61},{&quot;number&quot;:38,&quot;type&quot;:0,&quot;target&quot;:38},{&quot;number&quot;:39,&quot;type&quot;:0,&quot;target&quot;:39},{&quot;number&quot;:40,&quot;type&quot;:0,&quot;target&quot;:40},{&quot;number&quot;:41,&quot;type&quot;:0,&quot;target&quot;:41},{&quot;number&quot;:42,&quot;type&quot;:0,&quot;target&quot;:42},{&quot;number&quot;:43,&quot;type&quot;:0,&quot;target&quot;:43},{&quot;number&quot;:44,&quot;type&quot;:0,&quot;target&quot;:44},{&quot;number&quot;:45,&quot;type&quot;:0,&quot;target&quot;:45},{&quot;number&quot;:46,&quot;type&quot;:0,&quot;target&quot;:46},{&quot;number&quot;:47,&quot;type&quot;:0,&quot;target&quot;:47},{&quot;number&quot;:48,&quot;type&quot;:0,&quot;target&quot;:48},{&quot;number&quot;:49,&quot;type&quot;:0,&quot;target&quot;:49},{&quot;number&quot;:50,&quot;type&quot;:0,&quot;target&quot;:50},{&quot;number&quot;:51,&quot;type&quot;:0,&quot;target&quot;:51},{&quot;number&quot;:52,&quot;type&quot;:0,&quot;target&quot;:52},{&quot;number&quot;:53,&quot;type&quot;:0,&quot;target&quot;:53},{&quot;number&quot;:54,&quot;type&quot;:0,&quot;target&quot;:54},{&quot;number&quot;:55,&quot;type&quot;:1,&quot;target&quot;:13},{&quot;number&quot;:56,&quot;type&quot;:0,&quot;target&quot;:56},{&quot;number&quot;:57,&quot;type&quot;:0,&quot;target&quot;:57},{&quot;number&quot;:58,&quot;type&quot;:0,&quot;target&quot;:58},{&quot;number&quot;:59,&quot;type&quot;:0,&quot;target&quot;:59},{&quot;number&quot;:60,&quot;type&quot;:0,&quot;target&quot;:60},{&quot;number&quot;:61,&quot;type&quot;:0,&quot;target&quot;:61},{&quot;number&quot;:62,&quot;type&quot;:0,&quot;target&quot;:62},{&quot;number&quot;:63,&quot;type&quot;:0,&quot;target&quot;:63},{&quot;number&quot;:64,&quot;type&quot;:0,&quot;target&quot;:64},{&quot;number&quot;:65,&quot;type&quot;:0,&quot;target&quot;:65},{&quot;number&quot;:66,&quot;type&quot;:0,&quot;target&quot;:66},{&quot;number&quot;:67,&quot;type&quot;:0,&quot;target&quot;:67},{&quot;number&quot;:68,&quot;type&quot;:2,&quot;target&quot;:90},{&quot;number&quot;:69,&quot;type&quot;:0,&quot;target&quot;:69},{&quot;number&quot;:70,&quot;type&quot;:1,&quot;target&quot;:32},{&quot;number&quot;:71,&quot;type&quot;:0,&quot;target&quot;:71},{&quot;number&quot;:72,&quot;type&quot;:0,&quot;target&quot;:72},{&quot;number&quot;:73,&quot;type&quot;:0,&quot;target&quot;:73},{&quot;number&quot;:74,&quot;type&quot;:0,&quot;target&quot;:74},{&quot;number&quot;:75,&quot;type&quot;:0,&quot;target&quot;:75},{&quot;number&quot;:76,&quot;type&quot;:0,&quot;target&quot;:76},{&quot;number&quot;:77,&quot;type&quot;:0,&quot;target&quot;:77},{&quot;number&quot;:78,&quot;type&quot;:0,&quot;target&quot;:78},{&quot;number&quot;:79,&quot;type&quot;:2,&quot;target&quot;:97},{&quot;number&quot;:80,&quot;type&quot;:0,&quot;target&quot;:80},{&quot;number&quot;:81,&quot;type&quot;:0,&quot;target&quot;:81},{&quot;number&quot;:82,&quot;type&quot;:0,&quot;target&quot;:82},{&quot;number&quot;:83,&quot;type&quot;:0,&quot;target&quot;:83},{&quot;number&quot;:84,&quot;type&quot;:0,&quot;target&quot;:84},{&quot;number&quot;:85,&quot;type&quot;:0,&quot;target&quot;:85},{&quot;number&quot;:86,&quot;type&quot;:0,&quot;target&quot;:86},{&quot;number&quot;:87,&quot;type&quot;:0,&quot;target&quot;:87},{&quot;number&quot;:88,&quot;type&quot;:0,&quot;target&quot;:88},{&quot;number&quot;:89,&quot;type&quot;:0,&quot;target&quot;:89},{&quot;number&quot;:90,&quot;type&quot;:0,&quot;target&quot;:90},{&quot;number&quot;:91,&quot;type&quot;:0,&quot;target&quot;:91},{&quot;number&quot;:92,&quot;type&quot;:0,&quot;target&quot;:92},{&quot;number&quot;:93,&quot;type&quot;:1,&quot;target&quot;:67},{&quot;number&quot;:94,&quot;type&quot;:0,&quot;target&quot;:94},{&quot;number&quot;:95,&quot;type&quot;:0,&quot;target&quot;:95},{&quot;number&quot;:96,&quot;type&quot;:0,&quot;target&quot;:96},{&quot;number&quot;:97,&quot;type&quot;:0,&quot;target&quot;:97},{&quot;number&quot;:98,&quot;type&quot;:0,&quot;target&quot;:98},{&quot;number&quot;:99,&quot;type&quot;:1,&quot;target&quot;:3},{&quot;number&quot;:100,&quot;type&quot;:0,&quot;target&quot;:100}]}" time="0.02" classname="NewTest"/>
  <testcase name="registeration_of_a_user on UUID:07663e39-36f8-4388-9da3-0536a26c1202
{&quot;players&quot;:[],&quot;turn&quot;:0,&quot;steps&quot;:[{&quot;number&quot;:0,&quot;type&quot;:0,&quot;target&quot;:0},{&quot;number&quot;:1,&quot;type&quot;:0,&quot;target&quot;:1},{&quot;number&quot;:2,&quot;type&quot;:2,&quot;target&quot;:24},{&quot;number&quot;:3,&quot;type&quot;:0,&quot;target&quot;:3},{&quot;number&quot;:4,&quot;type&quot;:0,&quot;target&quot;:4},{&quot;number&quot;:5,&quot;type&quot;:0,&quot;target&quot;:5},{&quot;number&quot;:6,&quot;type&quot;:0,&quot;target&quot;:6},{&quot;number&quot;:7,&quot;type&quot;:0,&quot;target&quot;:7},{&quot;number&quot;:8,&quot;type&quot;:0,&quot;target&quot;:8},{&quot;number&quot;:9,&quot;type&quot;:0,&quot;target&quot;:9},{&quot;number&quot;:10,&quot;type&quot;:0,&quot;target&quot;:10},{&quot;number&quot;:11,&quot;type&quot;:2,&quot;target&quot;:33},{&quot;number&quot;:12,&quot;type&quot;:0,&quot;target&quot;:12},{&quot;number&quot;:13,&quot;type&quot;:0,&quot;target&quot;:13},{&quot;number&quot;:14,&quot;type&quot;:0,&quot;target&quot;:14},{&quot;number&quot;:15,&quot;type&quot;:0,&quot;target&quot;:15},{&quot;number&quot;:16,&quot;type&quot;:0,&quot;target&quot;:16},{&quot;number&quot;:17,&quot;type&quot;:0,&quot;target&quot;:17},{&quot;number&quot;:18,&quot;type&quot;:0,&quot;target&quot;:18},{&quot;number&quot;:19,&quot;type&quot;:0,&quot;target&quot;:19},{&quot;number&quot;:20,&quot;type&quot;:0,&quot;target&quot;:20},{&quot;number&quot;:21,&quot;type&quot;:0,&quot;target&quot;:21},{&quot;number&quot;:22,&quot;type&quot;:0,&quot;target&quot;:22},{&quot;number&quot;:23,&quot;type&quot;:1,&quot;target&quot;:7},{&quot;number&quot;:24,&quot;type&quot;:0,&quot;target&quot;:24},{&quot;number&quot;:25,&quot;type&quot;:2,&quot;target&quot;:85},{&quot;number&quot;:26,&quot;type&quot;:0,&quot;target&quot;:26},{&quot;number&quot;:27,&quot;type&quot;:0,&quot;target&quot;:27},{&quot;number&quot;:28,&quot;type&quot;:0,&quot;target&quot;:28},{&quot;number&quot;:29,&quot;type&quot;:0,&quot;target&quot;:29},{&quot;number&quot;:30,&quot;type&quot;:0,&quot;target&quot;:30},{&quot;number&quot;:31,&quot;type&quot;:0,&quot;target&quot;:31},{&quot;number&quot;:32,&quot;type&quot;:0,&quot;target&quot;:32},{&quot;number&quot;:33,&quot;type&quot;:0,&quot;target&quot;:33},{&quot;number&quot;:34,&quot;type&quot;:0,&quot;target&quot;:34},{&quot;number&quot;:35,&quot;type&quot;:0,&quot;target&quot;:35},{&quot;number&quot;:36,&quot;type&quot;:0,&quot;target&quot;:36},{&quot;number&quot;:37,&quot;type&quot;:2,&quot;target&quot;:61},{&quot;number&quot;:38,&quot;type&quot;:0,&quot;target&quot;:38},{&quot;number&quot;:39,&quot;type&quot;:0,&quot;target&quot;:39},{&quot;number&quot;:40,&quot;type&quot;:0,&quot;target&quot;:40},{&quot;number&quot;:41,&quot;type&quot;:0,&quot;target&quot;:41},{&quot;number&quot;:42,&quot;type&quot;:0,&quot;target&quot;:42},{&quot;number&quot;:43,&quot;type&quot;:0,&quot;target&quot;:43},{&quot;number&quot;:44,&quot;type&quot;:0,&quot;target&quot;:44},{&quot;number&quot;:45,&quot;type&quot;:0,&quot;target&quot;:45},{&quot;number&quot;:46,&quot;type&quot;:0,&quot;target&quot;:46},{&quot;number&quot;:47,&quot;type&quot;:0,&quot;target&quot;:47},{&quot;number&quot;:48,&quot;type&quot;:0,&quot;target&quot;:48},{&quot;number&quot;:49,&quot;type&quot;:0,&quot;target&quot;:49},{&quot;number&quot;:50,&quot;type&quot;:0,&quot;target&quot;:50},{&quot;number&quot;:51,&quot;type&quot;:0,&quot;target&quot;:51},{&quot;number&quot;:52,&quot;type&quot;:0,&quot;target&quot;:52},{&quot;number&quot;:53,&quot;type&quot;:0,&quot;target&quot;:53},{&quot;number&quot;:54,&quot;type&quot;:0,&quot;target&quot;:54},{&quot;number&quot;:55,&quot;type&quot;:1,&quot;target&quot;:13},{&quot;number&quot;:56,&quot;type&quot;:0,&quot;target&quot;:56},{&quot;number&quot;:57,&quot;type&quot;:0,&quot;target&quot;:57},{&quot;number&quot;:58,&quot;type&quot;:0,&quot;target&quot;:58},{&quot;number&quot;:59,&quot;type&quot;:0,&quot;target&quot;:59},{&quot;number&quot;:60,&quot;type&quot;:0,&quot;target&quot;:60},{&quot;number&quot;:61,&quot;type&quot;:0,&quot;target&quot;:61},{&quot;number&quot;:62,&quot;type&quot;:0,&quot;target&quot;:62},{&quot;number&quot;:63,&quot;type&quot;:0,&quot;target&quot;:63},{&quot;number&quot;:64,&quot;type&quot;:0,&quot;target&quot;:64},{&quot;number&quot;:65,&quot;type&quot;:0,&quot;target&quot;:65},{&quot;number&quot;:66,&quot;type&quot;:0,&quot;target&quot;:66},{&quot;number&quot;:67,&quot;type&quot;:0,&quot;target&quot;:67},{&quot;number&quot;:68,&quot;type&quot;:2,&quot;target&quot;:90},{&quot;number&quot;:69,&quot;type&quot;:0,&quot;target&quot;:69},{&quot;number&quot;:70,&quot;type&quot;:1,&quot;target&quot;:32},{&quot;number&quot;:71,&quot;type&quot;:0,&quot;target&quot;:71},{&quot;number&quot;:72,&quot;type&quot;:0,&quot;target&quot;:72},{&quot;number&quot;:73,&quot;type&quot;:0,&quot;target&quot;:73},{&quot;number&quot;:74,&quot;type&quot;:0,&quot;target&quot;:74},{&quot;number&quot;:75,&quot;type&quot;:0,&quot;target&quot;:75},{&quot;number&quot;:76,&quot;type&quot;:0,&quot;target&quot;:76},{&quot;number&quot;:77,&quot;type&quot;:0,&quot;target&quot;:77},{&quot;number&quot;:78,&quot;type&quot;:0,&quot;target&quot;:78},{&quot;number&quot;:79,&quot;type&quot;:2,&quot;target&quot;:97},{&quot;number&quot;:80,&quot;type&quot;:0,&quot;target&quot;:80},{&quot;number&quot;:81,&quot;type&quot;:0,&quot;target&quot;:81},{&quot;number&quot;:82,&quot;type&quot;:0,&quot;target&quot;:82},{&quot;number&quot;:83,&quot;type&quot;:0,&quot;target&quot;:83},{&quot;number&quot;:84,&quot;type&quot;:0,&quot;target&quot;:84},{&quot;number&quot;:85,&quot;type&quot;:0,&quot;target&quot;:85},{&quot;number&quot;:86,&quot;type&quot;:0,&quot;target&quot;:86},{&quot;number&quot;:87,&quot;type&quot;:0,&quot;target&quot;:87},{&quot;number&quot;:88,&quot;type&quot;:0,&quot;target&quot;:88},{&quot;number&quot;:89,&quot;type&quot;:0,&quot;target&quot;:89},{&quot;number&quot;:90,&quot;type&quot;:0,&quot;target&quot;:90},{&quot;number&quot;:91,&quot;type&quot;:0,&quot;target&quot;:91},{&quot;number&quot;:92,&quot;type&quot;:0,&quot;target&quot;:92},{&quot;number&quot;:93,&quot;type&quot;:1,&quot;target&quot;:67},{&quot;number&quot;:94,&quot;type&quot;:0,&quot;target&quot;:94},{&quot;number&quot;:95,&quot;type&quot;:0,&quot;target&quot;:95},{&quot;number&quot;:96,&quot;type&quot;:0,&quot;target&quot;:96},{&quot;number&quot;:97,&quot;type&quot;:0,&quot;target&quot;:97},{&quot;number&quot;:98,&quot;type&quot;:0,&quot;target&quot;:98},{&quot;number&quot;:99,&quot;type&quot;:1,&quot;target&quot;:3},{&quot;number&quot;:100,&quot;type&quot;:0,&quot;target&quot;:100}]}" time="0.0" classname="NewTest">
    <failure type="com.qainfotech.tap.training.snl.api.MaxPlayersReachedExeption" message="The board already has maximum allowed Player: 4">
      <![CDATA[com.qainfotech.tap.training.snl.api.MaxPlayersReachedExeption: The board already has maximum allowed Player: 4
	at com.qainfotech.tap.training.snl.api.Board.registerPlayer(Board.java:68)
	at NewTest.registeration_of_a_user(NewTest.java:34)
	at sun.reflect.NativeMethodAccessorImpl.invoke0(Native Method)
	at sun.reflect.NativeMethodAccessorImpl.invoke(Unknown Source)
	at sun.reflect.DelegatingMethodAccessorImpl.invoke(Unknown Source)
	at java.lang.reflect.Method.invoke(Unknown Source)
	at org.testng.internal.MethodInvocationHelper.invokeMethod(MethodInvocationHelper.java:104)
	at org.testng.internal.Invoker.invokeMethod(Invoker.java:645)
	at org.testng.internal.Invoker.invokeTestMethod(Invoker.java:851)
	at org.testng.internal.Invoker.invokeTestMethods(Invoker.java:1177)
	at org.testng.internal.TestMethodWorker.invokeTestMethods(TestMethodWorker.java:129)
	at org.testng.internal.TestMethodWorker.run(TestMethodWorker.java:112)
	at org.testng.TestRunner.privateRun(TestRunner.java:756)
	at org.testng.TestRunner.run(TestRunner.java:610)
	at org.testng.SuiteRunner.runTest(SuiteRunner.java:387)
	at org.testng.SuiteRunner.runSequentially(SuiteRunner.java:382)
	at org.testng.SuiteRunner.privateRun(SuiteRunner.java:340)
	at org.testng.SuiteRunner.run(SuiteRunner.java:289)
	at org.testng.SuiteRunnerWorker.runSuite(SuiteRunnerWorker.java:52)
	at org.testng.SuiteRunnerWorker.run(SuiteRunnerWorker.java:86)
	at org.testng.TestNG.runSuitesSequentially(TestNG.java:1293)
	at org.testng.TestNG.runSuitesLocally(TestNG.java:1218)
	at org.testng.TestNG.runSuites(TestNG.java:1133)
	at org.testng.TestNG.run(TestNG.java:1104)
	at org.testng.remote.AbstractRemoteTestNG.run(AbstractRemoteTestNG.java:114)
	at org.testng.remote.RemoteTestNG.initAndRun(RemoteTestNG.java:251)
	at org.testng.remote.RemoteTestNG.main(RemoteTestNG.java:77)
]]>
    </failure>
  </testcase> <!-- registeration_of_a_user on UUID:07663e39-36f8-4388-9da3-0536a26c1202
{"players":[],"turn":0,"steps":[{"number":0,"type":0,"target":0},{"number":1,"type":0,"target":1},{"number":2,"type":2,"target":24},{"number":3,"type":0,"target":3},{"number":4,"type":0,"target":4},{"number":5,"type":0,"target":5},{"number":6,"type":0,"target":6},{"number":7,"type":0,"target":7},{"number":8,"type":0,"target":8},{"number":9,"type":0,"target":9},{"number":10,"type":0,"target":10},{"number":11,"type":2,"target":33},{"number":12,"type":0,"target":12},{"number":13,"type":0,"target":13},{"number":14,"type":0,"target":14},{"number":15,"type":0,"target":15},{"number":16,"type":0,"target":16},{"number":17,"type":0,"target":17},{"number":18,"type":0,"target":18},{"number":19,"type":0,"target":19},{"number":20,"type":0,"target":20},{"number":21,"type":0,"target":21},{"number":22,"type":0,"target":22},{"number":23,"type":1,"target":7},{"number":24,"type":0,"target":24},{"number":25,"type":2,"target":85},{"number":26,"type":0,"target":26},{"number":27,"type":0,"target":27},{"number":28,"type":0,"target":28},{"number":29,"type":0,"target":29},{"number":30,"type":0,"target":30},{"number":31,"type":0,"target":31},{"number":32,"type":0,"target":32},{"number":33,"type":0,"target":33},{"number":34,"type":0,"target":34},{"number":35,"type":0,"target":35},{"number":36,"type":0,"target":36},{"number":37,"type":2,"target":61},{"number":38,"type":0,"target":38},{"number":39,"type":0,"target":39},{"number":40,"type":0,"target":40},{"number":41,"type":0,"target":41},{"number":42,"type":0,"target":42},{"number":43,"type":0,"target":43},{"number":44,"type":0,"target":44},{"number":45,"type":0,"target":45},{"number":46,"type":0,"target":46},{"number":47,"type":0,"target":47},{"number":48,"type":0,"target":48},{"number":49,"type":0,"target":49},{"number":50,"type":0,"target":50},{"number":51,"type":0,"target":51},{"number":52,"type":0,"target":52},{"number":53,"type":0,"target":53},{"number":54,"type":0,"target":54},{"number":55,"type":1,"target":13},{"number":56,"type":0,"target":56},{"number":57,"type":0,"target":57},{"number":58,"type":0,"target":58},{"number":59,"type":0,"target":59},{"number":60,"type":0,"target":60},{"number":61,"type":0,"target":61},{"number":62,"type":0,"target":62},{"number":63,"type":0,"target":63},{"number":64,"type":0,"target":64},{"number":65,"type":0,"target":65},{"number":66,"type":0,"target":66},{"number":67,"type":0,"target":67},{"number":68,"type":2,"target":90},{"number":69,"type":0,"target":69},{"number":70,"type":1,"target":32},{"number":71,"type":0,"target":71},{"number":72,"type":0,"target":72},{"number":73,"type":0,"target":73},{"number":74,"type":0,"target":74},{"number":75,"type":0,"target":75},{"number":76,"type":0,"target":76},{"number":77,"type":0,"target":77},{"number":78,"type":0,"target":78},{"number":79,"type":2,"target":97},{"number":80,"type":0,"target":80},{"number":81,"type":0,"target":81},{"number":82,"type":0,"target":82},{"number":83,"type":0,"target":83},{"number":84,"type":0,"target":84},{"number":85,"type":0,"target":85},{"number":86,"type":0,"target":86},{"number":87,"type":0,"target":87},{"number":88,"type":0,"target":88},{"number":89,"type":0,"target":89},{"number":90,"type":0,"target":90},{"number":91,"type":0,"target":91},{"number":92,"type":0,"target":92},{"number":93,"type":1,"target":67},{"number":94,"type":0,"target":94},{"number":95,"type":0,"target":95},{"number":96,"type":0,"target":96},{"number":97,"type":0,"target":97},{"number":98,"type":0,"target":98},{"number":99,"type":1,"target":3},{"number":100,"type":0,"target":100}]} -->
</testsuite>
