<?xml version="1.0" encoding="UTF-8"?>
<testng-results skipped="0" failed="1" ignored="0" total="3" passed="2">
  <reporter-output>
  </reporter-output>
  <suite name="Default suite" duration-ms="100" started-at="2018-06-25T11:55:09Z" finished-at="2018-06-25T11:55:09Z">
    <groups>
    </groups>
    <test name="Default test" duration-ms="100" started-at="2018-06-25T11:55:09Z" finished-at="2018-06-25T11:55:09Z">
      <class name="NewTest">
        <test-method status="PASS" signature="create_board_object()[pri:0, instance:UUID:07663e39-36f8-4388-9da3-0536a26c1202
{&quot;players&quot;:[],&quot;turn&quot;:0,&quot;steps&quot;:[{&quot;number&quot;:0,&quot;type&quot;:0,&quot;target&quot;:0},{&quot;number&quot;:1,&quot;type&quot;:0,&quot;target&quot;:1},{&quot;number&quot;:2,&quot;type&quot;:2,&quot;target&quot;:24},{&quot;number&quot;:3,&quot;type&quot;:0,&quot;target&quot;:3},{&quot;number&quot;:4,&quot;type&quot;:0,&quot;target&quot;:4},{&quot;number&quot;:5,&quot;type&quot;:0,&quot;target&quot;:5},{&quot;number&quot;:6,&quot;type&quot;:0,&quot;target&quot;:6},{&quot;number&quot;:7,&quot;type&quot;:0,&quot;target&quot;:7},{&quot;number&quot;:8,&quot;type&quot;:0,&quot;target&quot;:8},{&quot;number&quot;:9,&quot;type&quot;:0,&quot;target&quot;:9},{&quot;number&quot;:10,&quot;type&quot;:0,&quot;target&quot;:10},{&quot;number&quot;:11,&quot;type&quot;:2,&quot;target&quot;:33},{&quot;number&quot;:12,&quot;type&quot;:0,&quot;target&quot;:12},{&quot;number&quot;:13,&quot;type&quot;:0,&quot;target&quot;:13},{&quot;number&quot;:14,&quot;type&quot;:0,&quot;target&quot;:14},{&quot;number&quot;:15,&quot;type&quot;:0,&quot;target&quot;:15},{&quot;number&quot;:16,&quot;type&quot;:0,&quot;target&quot;:16},{&quot;number&quot;:17,&quot;type&quot;:0,&quot;target&quot;:17},{&quot;number&quot;:18,&quot;type&quot;:0,&quot;target&quot;:18},{&quot;number&quot;:19,&quot;type&quot;:0,&quot;target&quot;:19},{&quot;number&quot;:20,&quot;type&quot;:0,&quot;target&quot;:20},{&quot;number&quot;:21,&quot;type&quot;:0,&quot;target&quot;:21},{&quot;number&quot;:22,&quot;type&quot;:0,&quot;target&quot;:22},{&quot;number&quot;:23,&quot;type&quot;:1,&quot;target&quot;:7},{&quot;number&quot;:24,&quot;type&quot;:0,&quot;target&quot;:24},{&quot;number&quot;:25,&quot;type&quot;:2,&quot;target&quot;:85},{&quot;number&quot;:26,&quot;type&quot;:0,&quot;target&quot;:26},{&quot;number&quot;:27,&quot;type&quot;:0,&quot;target&quot;:27},{&quot;number&quot;:28,&quot;type&quot;:0,&quot;target&quot;:28},{&quot;number&quot;:29,&quot;type&quot;:0,&quot;target&quot;:29},{&quot;number&quot;:30,&quot;type&quot;:0,&quot;target&quot;:30},{&quot;number&quot;:31,&quot;type&quot;:0,&quot;target&quot;:31},{&quot;number&quot;:32,&quot;type&quot;:0,&quot;target&quot;:32},{&quot;number&quot;:33,&quot;type&quot;:0,&quot;target&quot;:33},{&quot;number&quot;:34,&quot;type&quot;:0,&quot;target&quot;:34},{&quot;number&quot;:35,&quot;type&quot;:0,&quot;target&quot;:35},{&quot;number&quot;:36,&quot;type&quot;:0,&quot;target&quot;:36},{&quot;number&quot;:37,&quot;type&quot;:2,&quot;target&quot;:61},{&quot;number&quot;:38,&quot;type&quot;:0,&quot;target&quot;:38},{&quot;number&quot;:39,&quot;type&quot;:0,&quot;target&quot;:39},{&quot;number&quot;:40,&quot;type&quot;:0,&quot;target&quot;:40},{&quot;number&quot;:41,&quot;type&quot;:0,&quot;target&quot;:41},{&quot;number&quot;:42,&quot;type&quot;:0,&quot;target&quot;:42},{&quot;number&quot;:43,&quot;type&quot;:0,&quot;target&quot;:43},{&quot;number&quot;:44,&quot;type&quot;:0,&quot;target&quot;:44},{&quot;number&quot;:45,&quot;type&quot;:0,&quot;target&quot;:45},{&quot;number&quot;:46,&quot;type&quot;:0,&quot;target&quot;:46},{&quot;number&quot;:47,&quot;type&quot;:0,&quot;target&quot;:47},{&quot;number&quot;:48,&quot;type&quot;:0,&quot;target&quot;:48},{&quot;number&quot;:49,&quot;type&quot;:0,&quot;target&quot;:49},{&quot;number&quot;:50,&quot;type&quot;:0,&quot;target&quot;:50},{&quot;number&quot;:51,&quot;type&quot;:0,&quot;target&quot;:51},{&quot;number&quot;:52,&quot;type&quot;:0,&quot;target&quot;:52},{&quot;number&quot;:53,&quot;type&quot;:0,&quot;target&quot;:53},{&quot;number&quot;:54,&quot;type&quot;:0,&quot;target&quot;:54},{&quot;number&quot;:55,&quot;type&quot;:1,&quot;target&quot;:13},{&quot;number&quot;:56,&quot;type&quot;:0,&quot;target&quot;:56},{&quot;number&quot;:57,&quot;type&quot;:0,&quot;target&quot;:57},{&quot;number&quot;:58,&quot;type&quot;:0,&quot;target&quot;:58},{&quot;number&quot;:59,&quot;type&quot;:0,&quot;target&quot;:59},{&quot;number&quot;:60,&quot;type&quot;:0,&quot;target&quot;:60},{&quot;number&quot;:61,&quot;type&quot;:0,&quot;target&quot;:61},{&quot;number&quot;:62,&quot;type&quot;:0,&quot;target&quot;:62},{&quot;number&quot;:63,&quot;type&quot;:0,&quot;target&quot;:63},{&quot;number&quot;:64,&quot;type&quot;:0,&quot;target&quot;:64},{&quot;number&quot;:65,&quot;type&quot;:0,&quot;target&quot;:65},{&quot;number&quot;:66,&quot;type&quot;:0,&quot;target&quot;:66},{&quot;number&quot;:67,&quot;type&quot;:0,&quot;target&quot;:67},{&quot;number&quot;:68,&quot;type&quot;:2,&quot;target&quot;:90},{&quot;number&quot;:69,&quot;type&quot;:0,&quot;target&quot;:69},{&quot;number&quot;:70,&quot;type&quot;:1,&quot;target&quot;:32},{&quot;number&quot;:71,&quot;type&quot;:0,&quot;target&quot;:71},{&quot;number&quot;:72,&quot;type&quot;:0,&quot;target&quot;:72},{&quot;number&quot;:73,&quot;type&quot;:0,&quot;target&quot;:73},{&quot;number&quot;:74,&quot;type&quot;:0,&quot;target&quot;:74},{&quot;number&quot;:75,&quot;type&quot;:0,&quot;target&quot;:75},{&quot;number&quot;:76,&quot;type&quot;:0,&quot;target&quot;:76},{&quot;number&quot;:77,&quot;type&quot;:0,&quot;target&quot;:77},{&quot;number&quot;:78,&quot;type&quot;:0,&quot;target&quot;:78},{&quot;number&quot;:79,&quot;type&quot;:2,&quot;target&quot;:97},{&quot;number&quot;:80,&quot;type&quot;:0,&quot;target&quot;:80},{&quot;number&quot;:81,&quot;type&quot;:0,&quot;target&quot;:81},{&quot;number&quot;:82,&quot;type&quot;:0,&quot;target&quot;:82},{&quot;number&quot;:83,&quot;type&quot;:0,&quot;target&quot;:83},{&quot;number&quot;:84,&quot;type&quot;:0,&quot;target&quot;:84},{&quot;number&quot;:85,&quot;type&quot;:0,&quot;target&quot;:85},{&quot;number&quot;:86,&quot;type&quot;:0,&quot;target&quot;:86},{&quot;number&quot;:87,&quot;type&quot;:0,&quot;target&quot;:87},{&quot;number&quot;:88,&quot;type&quot;:0,&quot;target&quot;:88},{&quot;number&quot;:89,&quot;type&quot;:0,&quot;target&quot;:89},{&quot;number&quot;:90,&quot;type&quot;:0,&quot;target&quot;:90},{&quot;number&quot;:91,&quot;type&quot;:0,&quot;target&quot;:91},{&quot;number&quot;:92,&quot;type&quot;:0,&quot;target&quot;:92},{&quot;number&quot;:93,&quot;type&quot;:1,&quot;target&quot;:67},{&quot;number&quot;:94,&quot;type&quot;:0,&quot;target&quot;:94},{&quot;number&quot;:95,&quot;type&quot;:0,&quot;target&quot;:95},{&quot;number&quot;:96,&quot;type&quot;:0,&quot;target&quot;:96},{&quot;number&quot;:97,&quot;type&quot;:0,&quot;target&quot;:97},{&quot;number&quot;:98,&quot;type&quot;:0,&quot;target&quot;:98},{&quot;number&quot;:99,&quot;type&quot;:1,&quot;target&quot;:3},{&quot;number&quot;:100,&quot;type&quot;:0,&quot;target&quot;:100}]}]" name="create_board_object" is-config="true" duration-ms="10" started-at="2018-06-25T17:25:09Z" finished-at="2018-06-25T17:25:09Z">
          <reporter-output>
          </reporter-output>
        </test-method> <!-- create_board_object -->
        <test-method status="PASS" signature="adding_use_with_same_name_again()[pri:0, instance:UUID:07663e39-36f8-4388-9da3-0536a26c1202
{&quot;players&quot;:[],&quot;turn&quot;:0,&quot;steps&quot;:[{&quot;number&quot;:0,&quot;type&quot;:0,&quot;target&quot;:0},{&quot;number&quot;:1,&quot;type&quot;:0,&quot;target&quot;:1},{&quot;number&quot;:2,&quot;type&quot;:2,&quot;target&quot;:24},{&quot;number&quot;:3,&quot;type&quot;:0,&quot;target&quot;:3},{&quot;number&quot;:4,&quot;type&quot;:0,&quot;target&quot;:4},{&quot;number&quot;:5,&quot;type&quot;:0,&quot;target&quot;:5},{&quot;number&quot;:6,&quot;type&quot;:0,&quot;target&quot;:6},{&quot;number&quot;:7,&quot;type&quot;:0,&quot;target&quot;:7},{&quot;number&quot;:8,&quot;type&quot;:0,&quot;target&quot;:8},{&quot;number&quot;:9,&quot;type&quot;:0,&quot;target&quot;:9},{&quot;number&quot;:10,&quot;type&quot;:0,&quot;target&quot;:10},{&quot;number&quot;:11,&quot;type&quot;:2,&quot;target&quot;:33},{&quot;number&quot;:12,&quot;type&quot;:0,&quot;target&quot;:12},{&quot;number&quot;:13,&quot;type&quot;:0,&quot;target&quot;:13},{&quot;number&quot;:14,&quot;type&quot;:0,&quot;target&quot;:14},{&quot;number&quot;:15,&quot;type&quot;:0,&quot;target&quot;:15},{&quot;number&quot;:16,&quot;type&quot;:0,&quot;target&quot;:16},{&quot;number&quot;:17,&quot;type&quot;:0,&quot;target&quot;:17},{&quot;number&quot;:18,&quot;type&quot;:0,&quot;target&quot;:18},{&quot;number&quot;:19,&quot;type&quot;:0,&quot;target&quot;:19},{&quot;number&quot;:20,&quot;type&quot;:0,&quot;target&quot;:20},{&quot;number&quot;:21,&quot;type&quot;:0,&quot;target&quot;:21},{&quot;number&quot;:22,&quot;type&quot;:0,&quot;target&quot;:22},{&quot;number&quot;:23,&quot;type&quot;:1,&quot;target&quot;:7},{&quot;number&quot;:24,&quot;type&quot;:0,&quot;target&quot;:24},{&quot;number&quot;:25,&quot;type&quot;:2,&quot;target&quot;:85},{&quot;number&quot;:26,&quot;type&quot;:0,&quot;target&quot;:26},{&quot;number&quot;:27,&quot;type&quot;:0,&quot;target&quot;:27},{&quot;number&quot;:28,&quot;type&quot;:0,&quot;target&quot;:28},{&quot;number&quot;:29,&quot;type&quot;:0,&quot;target&quot;:29},{&quot;number&quot;:30,&quot;type&quot;:0,&quot;target&quot;:30},{&quot;number&quot;:31,&quot;type&quot;:0,&quot;target&quot;:31},{&quot;number&quot;:32,&quot;type&quot;:0,&quot;target&quot;:32},{&quot;number&quot;:33,&quot;type&quot;:0,&quot;target&quot;:33},{&quot;number&quot;:34,&quot;type&quot;:0,&quot;target&quot;:34},{&quot;number&quot;:35,&quot;type&quot;:0,&quot;target&quot;:35},{&quot;number&quot;:36,&quot;type&quot;:0,&quot;target&quot;:36},{&quot;number&quot;:37,&quot;type&quot;:2,&quot;target&quot;:61},{&quot;number&quot;:38,&quot;type&quot;:0,&quot;target&quot;:38},{&quot;number&quot;:39,&quot;type&quot;:0,&quot;target&quot;:39},{&quot;number&quot;:40,&quot;type&quot;:0,&quot;target&quot;:40},{&quot;number&quot;:41,&quot;type&quot;:0,&quot;target&quot;:41},{&quot;number&quot;:42,&quot;type&quot;:0,&quot;target&quot;:42},{&quot;number&quot;:43,&quot;type&quot;:0,&quot;target&quot;:43},{&quot;number&quot;:44,&quot;type&quot;:0,&quot;target&quot;:44},{&quot;number&quot;:45,&quot;type&quot;:0,&quot;target&quot;:45},{&quot;number&quot;:46,&quot;type&quot;:0,&quot;target&quot;:46},{&quot;number&quot;:47,&quot;type&quot;:0,&quot;target&quot;:47},{&quot;number&quot;:48,&quot;type&quot;:0,&quot;target&quot;:48},{&quot;number&quot;:49,&quot;type&quot;:0,&quot;target&quot;:49},{&quot;number&quot;:50,&quot;type&quot;:0,&quot;target&quot;:50},{&quot;number&quot;:51,&quot;type&quot;:0,&quot;target&quot;:51},{&quot;number&quot;:52,&quot;type&quot;:0,&quot;target&quot;:52},{&quot;number&quot;:53,&quot;type&quot;:0,&quot;target&quot;:53},{&quot;number&quot;:54,&quot;type&quot;:0,&quot;target&quot;:54},{&quot;number&quot;:55,&quot;type&quot;:1,&quot;target&quot;:13},{&quot;number&quot;:56,&quot;type&quot;:0,&quot;target&quot;:56},{&quot;number&quot;:57,&quot;type&quot;:0,&quot;target&quot;:57},{&quot;number&quot;:58,&quot;type&quot;:0,&quot;target&quot;:58},{&quot;number&quot;:59,&quot;type&quot;:0,&quot;target&quot;:59},{&quot;number&quot;:60,&quot;type&quot;:0,&quot;target&quot;:60},{&quot;number&quot;:61,&quot;type&quot;:0,&quot;target&quot;:61},{&quot;number&quot;:62,&quot;type&quot;:0,&quot;target&quot;:62},{&quot;number&quot;:63,&quot;type&quot;:0,&quot;target&quot;:63},{&quot;number&quot;:64,&quot;type&quot;:0,&quot;target&quot;:64},{&quot;number&quot;:65,&quot;type&quot;:0,&quot;target&quot;:65},{&quot;number&quot;:66,&quot;type&quot;:0,&quot;target&quot;:66},{&quot;number&quot;:67,&quot;type&quot;:0,&quot;target&quot;:67},{&quot;number&quot;:68,&quot;type&quot;:2,&quot;target&quot;:90},{&quot;number&quot;:69,&quot;type&quot;:0,&quot;target&quot;:69},{&quot;number&quot;:70,&quot;type&quot;:1,&quot;target&quot;:32},{&quot;number&quot;:71,&quot;type&quot;:0,&quot;target&quot;:71},{&quot;number&quot;:72,&quot;type&quot;:0,&quot;target&quot;:72},{&quot;number&quot;:73,&quot;type&quot;:0,&quot;target&quot;:73},{&quot;number&quot;:74,&quot;type&quot;:0,&quot;target&quot;:74},{&quot;number&quot;:75,&quot;type&quot;:0,&quot;target&quot;:75},{&quot;number&quot;:76,&quot;type&quot;:0,&quot;target&quot;:76},{&quot;number&quot;:77,&quot;type&quot;:0,&quot;target&quot;:77},{&quot;number&quot;:78,&quot;type&quot;:0,&quot;target&quot;:78},{&quot;number&quot;:79,&quot;type&quot;:2,&quot;target&quot;:97},{&quot;number&quot;:80,&quot;type&quot;:0,&quot;target&quot;:80},{&quot;number&quot;:81,&quot;type&quot;:0,&quot;target&quot;:81},{&quot;number&quot;:82,&quot;type&quot;:0,&quot;target&quot;:82},{&quot;number&quot;:83,&quot;type&quot;:0,&quot;target&quot;:83},{&quot;number&quot;:84,&quot;type&quot;:0,&quot;target&quot;:84},{&quot;number&quot;:85,&quot;type&quot;:0,&quot;target&quot;:85},{&quot;number&quot;:86,&quot;type&quot;:0,&quot;target&quot;:86},{&quot;number&quot;:87,&quot;type&quot;:0,&quot;target&quot;:87},{&quot;number&quot;:88,&quot;type&quot;:0,&quot;target&quot;:88},{&quot;number&quot;:89,&quot;type&quot;:0,&quot;target&quot;:89},{&quot;number&quot;:90,&quot;type&quot;:0,&quot;target&quot;:90},{&quot;number&quot;:91,&quot;type&quot;:0,&quot;target&quot;:91},{&quot;number&quot;:92,&quot;type&quot;:0,&quot;target&quot;:92},{&quot;number&quot;:93,&quot;type&quot;:1,&quot;target&quot;:67},{&quot;number&quot;:94,&quot;type&quot;:0,&quot;target&quot;:94},{&quot;number&quot;:95,&quot;type&quot;:0,&quot;target&quot;:95},{&quot;number&quot;:96,&quot;type&quot;:0,&quot;target&quot;:96},{&quot;number&quot;:97,&quot;type&quot;:0,&quot;target&quot;:97},{&quot;number&quot;:98,&quot;type&quot;:0,&quot;target&quot;:98},{&quot;number&quot;:99,&quot;type&quot;:1,&quot;target&quot;:3},{&quot;number&quot;:100,&quot;type&quot;:0,&quot;target&quot;:100}]}]" name="adding_use_with_same_name_again" duration-ms="10" started-at="2018-06-25T17:25:09Z" finished-at="2018-06-25T17:25:09Z">
          <reporter-output>
          </reporter-output>
        </test-method> <!-- adding_use_with_same_name_again -->
        <test-method status="PASS" signature="not_able_to_add_more_than_four_users()[pri:0, instance:UUID:07663e39-36f8-4388-9da3-0536a26c1202
{&quot;players&quot;:[],&quot;turn&quot;:0,&quot;steps&quot;:[{&quot;number&quot;:0,&quot;type&quot;:0,&quot;target&quot;:0},{&quot;number&quot;:1,&quot;type&quot;:0,&quot;target&quot;:1},{&quot;number&quot;:2,&quot;type&quot;:2,&quot;target&quot;:24},{&quot;number&quot;:3,&quot;type&quot;:0,&quot;target&quot;:3},{&quot;number&quot;:4,&quot;type&quot;:0,&quot;target&quot;:4},{&quot;number&quot;:5,&quot;type&quot;:0,&quot;target&quot;:5},{&quot;number&quot;:6,&quot;type&quot;:0,&quot;target&quot;:6},{&quot;number&quot;:7,&quot;type&quot;:0,&quot;target&quot;:7},{&quot;number&quot;:8,&quot;type&quot;:0,&quot;target&quot;:8},{&quot;number&quot;:9,&quot;type&quot;:0,&quot;target&quot;:9},{&quot;number&quot;:10,&quot;type&quot;:0,&quot;target&quot;:10},{&quot;number&quot;:11,&quot;type&quot;:2,&quot;target&quot;:33},{&quot;number&quot;:12,&quot;type&quot;:0,&quot;target&quot;:12},{&quot;number&quot;:13,&quot;type&quot;:0,&quot;target&quot;:13},{&quot;number&quot;:14,&quot;type&quot;:0,&quot;target&quot;:14},{&quot;number&quot;:15,&quot;type&quot;:0,&quot;target&quot;:15},{&quot;number&quot;:16,&quot;type&quot;:0,&quot;target&quot;:16},{&quot;number&quot;:17,&quot;type&quot;:0,&quot;target&quot;:17},{&quot;number&quot;:18,&quot;type&quot;:0,&quot;target&quot;:18},{&quot;number&quot;:19,&quot;type&quot;:0,&quot;target&quot;:19},{&quot;number&quot;:20,&quot;type&quot;:0,&quot;target&quot;:20},{&quot;number&quot;:21,&quot;type&quot;:0,&quot;target&quot;:21},{&quot;number&quot;:22,&quot;type&quot;:0,&quot;target&quot;:22},{&quot;number&quot;:23,&quot;type&quot;:1,&quot;target&quot;:7},{&quot;number&quot;:24,&quot;type&quot;:0,&quot;target&quot;:24},{&quot;number&quot;:25,&quot;type&quot;:2,&quot;target&quot;:85},{&quot;number&quot;:26,&quot;type&quot;:0,&quot;target&quot;:26},{&quot;number&quot;:27,&quot;type&quot;:0,&quot;target&quot;:27},{&quot;number&quot;:28,&quot;type&quot;:0,&quot;target&quot;:28},{&quot;number&quot;:29,&quot;type&quot;:0,&quot;target&quot;:29},{&quot;number&quot;:30,&quot;type&quot;:0,&quot;target&quot;:30},{&quot;number&quot;:31,&quot;type&quot;:0,&quot;target&quot;:31},{&quot;number&quot;:32,&quot;type&quot;:0,&quot;target&quot;:32},{&quot;number&quot;:33,&quot;type&quot;:0,&quot;target&quot;:33},{&quot;number&quot;:34,&quot;type&quot;:0,&quot;target&quot;:34},{&quot;number&quot;:35,&quot;type&quot;:0,&quot;target&quot;:35},{&quot;number&quot;:36,&quot;type&quot;:0,&quot;target&quot;:36},{&quot;number&quot;:37,&quot;type&quot;:2,&quot;target&quot;:61},{&quot;number&quot;:38,&quot;type&quot;:0,&quot;target&quot;:38},{&quot;number&quot;:39,&quot;type&quot;:0,&quot;target&quot;:39},{&quot;number&quot;:40,&quot;type&quot;:0,&quot;target&quot;:40},{&quot;number&quot;:41,&quot;type&quot;:0,&quot;target&quot;:41},{&quot;number&quot;:42,&quot;type&quot;:0,&quot;target&quot;:42},{&quot;number&quot;:43,&quot;type&quot;:0,&quot;target&quot;:43},{&quot;number&quot;:44,&quot;type&quot;:0,&quot;target&quot;:44},{&quot;number&quot;:45,&quot;type&quot;:0,&quot;target&quot;:45},{&quot;number&quot;:46,&quot;type&quot;:0,&quot;target&quot;:46},{&quot;number&quot;:47,&quot;type&quot;:0,&quot;target&quot;:47},{&quot;number&quot;:48,&quot;type&quot;:0,&quot;target&quot;:48},{&quot;number&quot;:49,&quot;type&quot;:0,&quot;target&quot;:49},{&quot;number&quot;:50,&quot;type&quot;:0,&quot;target&quot;:50},{&quot;number&quot;:51,&quot;type&quot;:0,&quot;target&quot;:51},{&quot;number&quot;:52,&quot;type&quot;:0,&quot;target&quot;:52},{&quot;number&quot;:53,&quot;type&quot;:0,&quot;target&quot;:53},{&quot;number&quot;:54,&quot;type&quot;:0,&quot;target&quot;:54},{&quot;number&quot;:55,&quot;type&quot;:1,&quot;target&quot;:13},{&quot;number&quot;:56,&quot;type&quot;:0,&quot;target&quot;:56},{&quot;number&quot;:57,&quot;type&quot;:0,&quot;target&quot;:57},{&quot;number&quot;:58,&quot;type&quot;:0,&quot;target&quot;:58},{&quot;number&quot;:59,&quot;type&quot;:0,&quot;target&quot;:59},{&quot;number&quot;:60,&quot;type&quot;:0,&quot;target&quot;:60},{&quot;number&quot;:61,&quot;type&quot;:0,&quot;target&quot;:61},{&quot;number&quot;:62,&quot;type&quot;:0,&quot;target&quot;:62},{&quot;number&quot;:63,&quot;type&quot;:0,&quot;target&quot;:63},{&quot;number&quot;:64,&quot;type&quot;:0,&quot;target&quot;:64},{&quot;number&quot;:65,&quot;type&quot;:0,&quot;target&quot;:65},{&quot;number&quot;:66,&quot;type&quot;:0,&quot;target&quot;:66},{&quot;number&quot;:67,&quot;type&quot;:0,&quot;target&quot;:67},{&quot;number&quot;:68,&quot;type&quot;:2,&quot;target&quot;:90},{&quot;number&quot;:69,&quot;type&quot;:0,&quot;target&quot;:69},{&quot;number&quot;:70,&quot;type&quot;:1,&quot;target&quot;:32},{&quot;number&quot;:71,&quot;type&quot;:0,&quot;target&quot;:71},{&quot;number&quot;:72,&quot;type&quot;:0,&quot;target&quot;:72},{&quot;number&quot;:73,&quot;type&quot;:0,&quot;target&quot;:73},{&quot;number&quot;:74,&quot;type&quot;:0,&quot;target&quot;:74},{&quot;number&quot;:75,&quot;type&quot;:0,&quot;target&quot;:75},{&quot;number&quot;:76,&quot;type&quot;:0,&quot;target&quot;:76},{&quot;number&quot;:77,&quot;type&quot;:0,&quot;target&quot;:77},{&quot;number&quot;:78,&quot;type&quot;:0,&quot;target&quot;:78},{&quot;number&quot;:79,&quot;type&quot;:2,&quot;target&quot;:97},{&quot;number&quot;:80,&quot;type&quot;:0,&quot;target&quot;:80},{&quot;number&quot;:81,&quot;type&quot;:0,&quot;target&quot;:81},{&quot;number&quot;:82,&quot;type&quot;:0,&quot;target&quot;:82},{&quot;number&quot;:83,&quot;type&quot;:0,&quot;target&quot;:83},{&quot;number&quot;:84,&quot;type&quot;:0,&quot;target&quot;:84},{&quot;number&quot;:85,&quot;type&quot;:0,&quot;target&quot;:85},{&quot;number&quot;:86,&quot;type&quot;:0,&quot;target&quot;:86},{&quot;number&quot;:87,&quot;type&quot;:0,&quot;target&quot;:87},{&quot;number&quot;:88,&quot;type&quot;:0,&quot;target&quot;:88},{&quot;number&quot;:89,&quot;type&quot;:0,&quot;target&quot;:89},{&quot;number&quot;:90,&quot;type&quot;:0,&quot;target&quot;:90},{&quot;number&quot;:91,&quot;type&quot;:0,&quot;target&quot;:91},{&quot;number&quot;:92,&quot;type&quot;:0,&quot;target&quot;:92},{&quot;number&quot;:93,&quot;type&quot;:1,&quot;target&quot;:67},{&quot;number&quot;:94,&quot;type&quot;:0,&quot;target&quot;:94},{&quot;number&quot;:95,&quot;type&quot;:0,&quot;target&quot;:95},{&quot;number&quot;:96,&quot;type&quot;:0,&quot;target&quot;:96},{&quot;number&quot;:97,&quot;type&quot;:0,&quot;target&quot;:97},{&quot;number&quot;:98,&quot;type&quot;:0,&quot;target&quot;:98},{&quot;number&quot;:99,&quot;type&quot;:1,&quot;target&quot;:3},{&quot;number&quot;:100,&quot;type&quot;:0,&quot;target&quot;:100}]}]" name="not_able_to_add_more_than_four_users" duration-ms="20" started-at="2018-06-25T17:25:09Z" finished-at="2018-06-25T17:25:09Z">
          <reporter-output>
          </reporter-output>
        </test-method> <!-- not_able_to_add_more_than_four_users -->
        <test-method status="FAIL" signature="registeration_of_a_user()[pri:0, instance:UUID:07663e39-36f8-4388-9da3-0536a26c1202
{&quot;players&quot;:[],&quot;turn&quot;:0,&quot;steps&quot;:[{&quot;number&quot;:0,&quot;type&quot;:0,&quot;target&quot;:0},{&quot;number&quot;:1,&quot;type&quot;:0,&quot;target&quot;:1},{&quot;number&quot;:2,&quot;type&quot;:2,&quot;target&quot;:24},{&quot;number&quot;:3,&quot;type&quot;:0,&quot;target&quot;:3},{&quot;number&quot;:4,&quot;type&quot;:0,&quot;target&quot;:4},{&quot;number&quot;:5,&quot;type&quot;:0,&quot;target&quot;:5},{&quot;number&quot;:6,&quot;type&quot;:0,&quot;target&quot;:6},{&quot;number&quot;:7,&quot;type&quot;:0,&quot;target&quot;:7},{&quot;number&quot;:8,&quot;type&quot;:0,&quot;target&quot;:8},{&quot;number&quot;:9,&quot;type&quot;:0,&quot;target&quot;:9},{&quot;number&quot;:10,&quot;type&quot;:0,&quot;target&quot;:10},{&quot;number&quot;:11,&quot;type&quot;:2,&quot;target&quot;:33},{&quot;number&quot;:12,&quot;type&quot;:0,&quot;target&quot;:12},{&quot;number&quot;:13,&quot;type&quot;:0,&quot;target&quot;:13},{&quot;number&quot;:14,&quot;type&quot;:0,&quot;target&quot;:14},{&quot;number&quot;:15,&quot;type&quot;:0,&quot;target&quot;:15},{&quot;number&quot;:16,&quot;type&quot;:0,&quot;target&quot;:16},{&quot;number&quot;:17,&quot;type&quot;:0,&quot;target&quot;:17},{&quot;number&quot;:18,&quot;type&quot;:0,&quot;target&quot;:18},{&quot;number&quot;:19,&quot;type&quot;:0,&quot;target&quot;:19},{&quot;number&quot;:20,&quot;type&quot;:0,&quot;target&quot;:20},{&quot;number&quot;:21,&quot;type&quot;:0,&quot;target&quot;:21},{&quot;number&quot;:22,&quot;type&quot;:0,&quot;target&quot;:22},{&quot;number&quot;:23,&quot;type&quot;:1,&quot;target&quot;:7},{&quot;number&quot;:24,&quot;type&quot;:0,&quot;target&quot;:24},{&quot;number&quot;:25,&quot;type&quot;:2,&quot;target&quot;:85},{&quot;number&quot;:26,&quot;type&quot;:0,&quot;target&quot;:26},{&quot;number&quot;:27,&quot;type&quot;:0,&quot;target&quot;:27},{&quot;number&quot;:28,&quot;type&quot;:0,&quot;target&quot;:28},{&quot;number&quot;:29,&quot;type&quot;:0,&quot;target&quot;:29},{&quot;number&quot;:30,&quot;type&quot;:0,&quot;target&quot;:30},{&quot;number&quot;:31,&quot;type&quot;:0,&quot;target&quot;:31},{&quot;number&quot;:32,&quot;type&quot;:0,&quot;target&quot;:32},{&quot;number&quot;:33,&quot;type&quot;:0,&quot;target&quot;:33},{&quot;number&quot;:34,&quot;type&quot;:0,&quot;target&quot;:34},{&quot;number&quot;:35,&quot;type&quot;:0,&quot;target&quot;:35},{&quot;number&quot;:36,&quot;type&quot;:0,&quot;target&quot;:36},{&quot;number&quot;:37,&quot;type&quot;:2,&quot;target&quot;:61},{&quot;number&quot;:38,&quot;type&quot;:0,&quot;target&quot;:38},{&quot;number&quot;:39,&quot;type&quot;:0,&quot;target&quot;:39},{&quot;number&quot;:40,&quot;type&quot;:0,&quot;target&quot;:40},{&quot;number&quot;:41,&quot;type&quot;:0,&quot;target&quot;:41},{&quot;number&quot;:42,&quot;type&quot;:0,&quot;target&quot;:42},{&quot;number&quot;:43,&quot;type&quot;:0,&quot;target&quot;:43},{&quot;number&quot;:44,&quot;type&quot;:0,&quot;target&quot;:44},{&quot;number&quot;:45,&quot;type&quot;:0,&quot;target&quot;:45},{&quot;number&quot;:46,&quot;type&quot;:0,&quot;target&quot;:46},{&quot;number&quot;:47,&quot;type&quot;:0,&quot;target&quot;:47},{&quot;number&quot;:48,&quot;type&quot;:0,&quot;target&quot;:48},{&quot;number&quot;:49,&quot;type&quot;:0,&quot;target&quot;:49},{&quot;number&quot;:50,&quot;type&quot;:0,&quot;target&quot;:50},{&quot;number&quot;:51,&quot;type&quot;:0,&quot;target&quot;:51},{&quot;number&quot;:52,&quot;type&quot;:0,&quot;target&quot;:52},{&quot;number&quot;:53,&quot;type&quot;:0,&quot;target&quot;:53},{&quot;number&quot;:54,&quot;type&quot;:0,&quot;target&quot;:54},{&quot;number&quot;:55,&quot;type&quot;:1,&quot;target&quot;:13},{&quot;number&quot;:56,&quot;type&quot;:0,&quot;target&quot;:56},{&quot;number&quot;:57,&quot;type&quot;:0,&quot;target&quot;:57},{&quot;number&quot;:58,&quot;type&quot;:0,&quot;target&quot;:58},{&quot;number&quot;:59,&quot;type&quot;:0,&quot;target&quot;:59},{&quot;number&quot;:60,&quot;type&quot;:0,&quot;target&quot;:60},{&quot;number&quot;:61,&quot;type&quot;:0,&quot;target&quot;:61},{&quot;number&quot;:62,&quot;type&quot;:0,&quot;target&quot;:62},{&quot;number&quot;:63,&quot;type&quot;:0,&quot;target&quot;:63},{&quot;number&quot;:64,&quot;type&quot;:0,&quot;target&quot;:64},{&quot;number&quot;:65,&quot;type&quot;:0,&quot;target&quot;:65},{&quot;number&quot;:66,&quot;type&quot;:0,&quot;target&quot;:66},{&quot;number&quot;:67,&quot;type&quot;:0,&quot;target&quot;:67},{&quot;number&quot;:68,&quot;type&quot;:2,&quot;target&quot;:90},{&quot;number&quot;:69,&quot;type&quot;:0,&quot;target&quot;:69},{&quot;number&quot;:70,&quot;type&quot;:1,&quot;target&quot;:32},{&quot;number&quot;:71,&quot;type&quot;:0,&quot;target&quot;:71},{&quot;number&quot;:72,&quot;type&quot;:0,&quot;target&quot;:72},{&quot;number&quot;:73,&quot;type&quot;:0,&quot;target&quot;:73},{&quot;number&quot;:74,&quot;type&quot;:0,&quot;target&quot;:74},{&quot;number&quot;:75,&quot;type&quot;:0,&quot;target&quot;:75},{&quot;number&quot;:76,&quot;type&quot;:0,&quot;target&quot;:76},{&quot;number&quot;:77,&quot;type&quot;:0,&quot;target&quot;:77},{&quot;number&quot;:78,&quot;type&quot;:0,&quot;target&quot;:78},{&quot;number&quot;:79,&quot;type&quot;:2,&quot;target&quot;:97},{&quot;number&quot;:80,&quot;type&quot;:0,&quot;target&quot;:80},{&quot;number&quot;:81,&quot;type&quot;:0,&quot;target&quot;:81},{&quot;number&quot;:82,&quot;type&quot;:0,&quot;target&quot;:82},{&quot;number&quot;:83,&quot;type&quot;:0,&quot;target&quot;:83},{&quot;number&quot;:84,&quot;type&quot;:0,&quot;target&quot;:84},{&quot;number&quot;:85,&quot;type&quot;:0,&quot;target&quot;:85},{&quot;number&quot;:86,&quot;type&quot;:0,&quot;target&quot;:86},{&quot;number&quot;:87,&quot;type&quot;:0,&quot;target&quot;:87},{&quot;number&quot;:88,&quot;type&quot;:0,&quot;target&quot;:88},{&quot;number&quot;:89,&quot;type&quot;:0,&quot;target&quot;:89},{&quot;number&quot;:90,&quot;type&quot;:0,&quot;target&quot;:90},{&quot;number&quot;:91,&quot;type&quot;:0,&quot;target&quot;:91},{&quot;number&quot;:92,&quot;type&quot;:0,&quot;target&quot;:92},{&quot;number&quot;:93,&quot;type&quot;:1,&quot;target&quot;:67},{&quot;number&quot;:94,&quot;type&quot;:0,&quot;target&quot;:94},{&quot;number&quot;:95,&quot;type&quot;:0,&quot;target&quot;:95},{&quot;number&quot;:96,&quot;type&quot;:0,&quot;target&quot;:96},{&quot;number&quot;:97,&quot;type&quot;:0,&quot;target&quot;:97},{&quot;number&quot;:98,&quot;type&quot;:0,&quot;target&quot;:98},{&quot;number&quot;:99,&quot;type&quot;:1,&quot;target&quot;:3},{&quot;number&quot;:100,&quot;type&quot;:0,&quot;target&quot;:100}]}]" name="registeration_of_a_user" duration-ms="0" started-at="2018-06-25T17:25:09Z" finished-at="2018-06-25T17:25:09Z">
          <exception class="com.qainfotech.tap.training.snl.api.MaxPlayersReachedExeption">
            <message>
              <![CDATA[The board already has maximum allowed Player: 4]]>
            </message>
            <full-stacktrace>
              <![CDATA[com.qainfotech.tap.training.snl.api.MaxPlayersReachedExeption: The board already has maximum allowed Player: 4
	at com.qainfotech.tap.training.snl.api.Board.registerPlayer(Board.java:68)
	at NewTest.registeration_of_a_user(NewTest.java:34)
	at sun.reflect.NativeMethodAccessorImpl.invoke0(Native Method)
	at sun.reflect.NativeMethodAccessorImpl.invoke(Unknown Source)
	at sun.reflect.DelegatingMethodAccessorImpl.invoke(Unknown Source)
	at java.lang.reflect.Method.invoke(Unknown Source)
	at org.testng.internal.MethodInvocationHelper.invokeMethod(MethodInvocationHelper.java:104)
	at org.testng.internal.Invoker.invokeMethod(Invoker.java:645)
	at org.testng.internal.Invoker.invokeTestMethod(Invoker.java:851)
	at org.testng.internal.Invoker.invokeTestMethods(Invoker.java:1177)
	at org.testng.internal.TestMethodWorker.invokeTestMethods(TestMethodWorker.java:129)
	at org.testng.internal.TestMethodWorker.run(TestMethodWorker.java:112)
	at org.testng.TestRunner.privateRun(TestRunner.java:756)
	at org.testng.TestRunner.run(TestRunner.java:610)
	at org.testng.SuiteRunner.runTest(SuiteRunner.java:387)
	at org.testng.SuiteRunner.runSequentially(SuiteRunner.java:382)
	at org.testng.SuiteRunner.privateRun(SuiteRunner.java:340)
	at org.testng.SuiteRunner.run(SuiteRunner.java:289)
	at org.testng.SuiteRunnerWorker.runSuite(SuiteRunnerWorker.java:52)
	at org.testng.SuiteRunnerWorker.run(SuiteRunnerWorker.java:86)
	at org.testng.TestNG.runSuitesSequentially(TestNG.java:1293)
	at org.testng.TestNG.runSuitesLocally(TestNG.java:1218)
	at org.testng.TestNG.runSuites(TestNG.java:1133)
	at org.testng.TestNG.run(TestNG.java:1104)
	at org.testng.remote.AbstractRemoteTestNG.run(AbstractRemoteTestNG.java:114)
	at org.testng.remote.RemoteTestNG.initAndRun(RemoteTestNG.java:251)
	at org.testng.remote.RemoteTestNG.main(RemoteTestNG.java:77)
]]>
            </full-stacktrace>
          </exception> <!-- com.qainfotech.tap.training.snl.api.MaxPlayersReachedExeption -->
          <reporter-output>
          </reporter-output>
        </test-method> <!-- registeration_of_a_user -->
      </class> <!-- NewTest -->
    </test> <!-- Default test -->
  </suite> <!-- Default suite -->
</testng-results>
